

--- Starting Django Server ---
Watching for file changes with StatReloader
C:\Users\lauty\Desktop\Proyectos\Stock-SalesAPP\StockSalesApp\Backend\InventoryAPI\views.py:146: SyntaxWarning: invalid escape sequence '\d'
  @action(detail=False, methods=["get"], url_path="low-stock/(?P<limit>\d+)")
System check identified some issues:

WARNINGS:
?: (staticfiles.W004) The directory 'C:\Users\lauty\Desktop\Proyectos\Stock-SalesAPP\StockSalesApp\Backend\StockSalesApp/static/' in the STATICFILES_DIRS setting does not exist.

System check identified 1 issue (0 silenced).
[06/Dec/2025 18:28:41] "OPTIONS /api/login/ HTTP/1.1" 200 0
Internal Server Error: /api/login/
Traceback (most recent call last):
  File "C:\Users\lauty\Desktop\Proyectos\Stock-SalesAPP\StockSalesApp\Backend\venv\Lib\site-packages\django\db\backends\utils.py", line 105, in _execute
    return self.cursor.execute(sql, params)
           ~~~~~~~~~~~~~~~~~~~^^^^^^^^^^^^^
  File "C:\Users\lauty\Desktop\Proyectos\Stock-SalesAPP\StockSalesApp\Backend\venv\Lib\site-packages\django\db\backends\sqlite3\base.py", line 360, in execute
    return super().execute(query, params)
           ~~~~~~~~~~~~~~~^^^^^^^^^^^^^^^
sqlite3.OperationalError: no such table: Auth_customuser

The above exception was the direct cause of the following exception:

Traceback (most recent call last):
  File "C:\Users\lauty\Desktop\Proyectos\Stock-SalesAPP\StockSalesApp\Backend\venv\Lib\site-packages\django\core\handlers\exception.py", line 55, in inner
    response = get_response(request)
  File "C:\Users\lauty\Desktop\Proyectos\Stock-SalesAPP\StockSalesApp\Backend\venv\Lib\site-packages\django\core\handlers\base.py", line 197, in _get_response
    response = wrapped_callback(request, *callback_args, **callback_kwargs)
  File "C:\Users\lauty\Desktop\Proyectos\Stock-SalesAPP\StockSalesApp\Backend\venv\Lib\site-packages\django\views\decorators\csrf.py", line 65, in _view_wrapper
    return view_func(request, *args, **kwargs)
  File "C:\Users\lauty\Desktop\Proyectos\Stock-SalesAPP\StockSalesApp\Backend\venv\Lib\site-packages\django\views\generic\base.py", line 105, in view
    return self.dispatch(request, *args, **kwargs)
           ~~~~~~~~~~~~~^^^^^^^^^^^^^^^^^^^^^^^^^^
  File "C:\Users\lauty\Desktop\Proyectos\Stock-SalesAPP\StockSalesApp\Backend\venv\Lib\site-packages\rest_framework\views.py", line 515, in dispatch
    response = self.handle_exception(exc)
  File "C:\Users\lauty\Desktop\Proyectos\Stock-SalesAPP\StockSalesApp\Backend\venv\Lib\site-packages\rest_framework\views.py", line 475, in handle_exception
    self.raise_uncaught_exception(exc)
    ~~~~~~~~~~~~~~~~~~~~~~~~~~~~~^^^^^
  File "C:\Users\lauty\Desktop\Proyectos\Stock-SalesAPP\StockSalesApp\Backend\venv\Lib\site-packages\rest_framework\views.py", line 486, in raise_uncaught_exception
    raise exc
  File "C:\Users\lauty\Desktop\Proyectos\Stock-SalesAPP\StockSalesApp\Backend\venv\Lib\site-packages\rest_framework\views.py", line 512, in dispatch
    response = handler(request, *args, **kwargs)
  File "C:\Users\lauty\Desktop\Proyectos\Stock-SalesAPP\StockSalesApp\Backend\venv\Lib\site-packages\rest_framework\authtoken\views.py", line 56, in post
    serializer.is_valid(raise_exception=True)
    ~~~~~~~~~~~~~~~~~~~^^^^^^^^^^^^^^^^^^^^^^
  File "C:\Users\lauty\Desktop\Proyectos\Stock-SalesAPP\StockSalesApp\Backend\venv\Lib\site-packages\rest_framework\serializers.py", line 225, in is_valid
    self._validated_data = self.run_validation(self.initial_data)
                           ~~~~~~~~~~~~~~~~~~~^^^^^^^^^^^^^^^^^^^
  File "C:\Users\lauty\Desktop\Proyectos\Stock-SalesAPP\StockSalesApp\Backend\venv\Lib\site-packages\rest_framework\serializers.py", line 447, in run_validation
    value = self.validate(value)
  File "C:\Users\lauty\Desktop\Proyectos\Stock-SalesAPP\StockSalesApp\Backend\venv\Lib\site-packages\rest_framework\authtoken\serializers.py", line 28, in validate
    user = authenticate(request=self.context.get('request'),
                        username=username, password=password)
  File "C:\Users\lauty\Desktop\Proyectos\Stock-SalesAPP\StockSalesApp\Backend\venv\Lib\site-packages\django\views\decorators\debug.py", line 75, in sensitive_variables_wrapper
    return func(*func_args, **func_kwargs)
  File "C:\Users\lauty\Desktop\Proyectos\Stock-SalesAPP\StockSalesApp\Backend\venv\Lib\site-packages\django\contrib\auth\__init__.py", line 114, in authenticate
    user = backend.authenticate(request, **credentials)
  File "C:\Users\lauty\Desktop\Proyectos\Stock-SalesAPP\StockSalesApp\Backend\venv\Lib\site-packages\django\contrib\auth\backends.py", line 65, in authenticate
    user = UserModel._default_manager.get_by_natural_key(username)
  File "C:\Users\lauty\Desktop\Proyectos\Stock-SalesAPP\StockSalesApp\Backend\venv\Lib\site-packages\django\contrib\auth\base_user.py", line 37, in get_by_natural_key
    return self.get(**{self.model.USERNAME_FIELD: username})
           ~~~~~~~~^^^^^^^^^^^^^^^^^^^^^^^^^^^^^^^^^^^^^^^^^
  File "C:\Users\lauty\Desktop\Proyectos\Stock-SalesAPP\StockSalesApp\Backend\venv\Lib\site-packages\django\db\models\manager.py", line 87, in manager_method
    return getattr(self.get_queryset(), name)(*args, **kwargs)
           ~~~~~~~~~~~~~~~~~~~~~~~~~~~~~~~~~~^^^^^^^^^^^^^^^^^
  File "C:\Users\lauty\Desktop\Proyectos\Stock-SalesAPP\StockSalesApp\Backend\venv\Lib\site-packages\django\db\models\query.py", line 629, in get
    num = len(clone)
  File "C:\Users\lauty\Desktop\Proyectos\Stock-SalesAPP\StockSalesApp\Backend\venv\Lib\site-packages\django\db\models\query.py", line 366, in __len__
    self._fetch_all()
    ~~~~~~~~~~~~~~~^^
  File "C:\Users\lauty\Desktop\Proyectos\Stock-SalesAPP\StockSalesApp\Backend\venv\Lib\site-packages\django\db\models\query.py", line 1949, in _fetch_all
    self._result_cache = list(self._iterable_class(self))
                         ~~~~^^^^^^^^^^^^^^^^^^^^^^^^^^^^
  File "C:\Users\lauty\Desktop\Proyectos\Stock-SalesAPP\StockSalesApp\Backend\venv\Lib\site-packages\django\db\models\query.py", line 91, in __iter__
    results = compiler.execute_sql(
        chunked_fetch=self.chunked_fetch, chunk_size=self.chunk_size
    )
  File "C:\Users\lauty\Desktop\Proyectos\Stock-SalesAPP\StockSalesApp\Backend\venv\Lib\site-packages\django\db\models\sql\compiler.py", line 1623, in execute_sql
    cursor.execute(sql, params)
    ~~~~~~~~~~~~~~^^^^^^^^^^^^^
  File "C:\Users\lauty\Desktop\Proyectos\Stock-SalesAPP\StockSalesApp\Backend\venv\Lib\site-packages\django\db\backends\utils.py", line 122, in execute
    return super().execute(sql, params)
           ~~~~~~~~~~~~~~~^^^^^^^^^^^^^
  File "C:\Users\lauty\Desktop\Proyectos\Stock-SalesAPP\StockSalesApp\Backend\venv\Lib\site-packages\django\db\backends\utils.py", line 79, in execute
    return self._execute_with_wrappers(
           ~~~~~~~~~~~~~~~~~~~~~~~~~~~^
        sql, params, many=False, executor=self._execute
        ^^^^^^^^^^^^^^^^^^^^^^^^^^^^^^^^^^^^^^^^^^^^^^^
    )
    ^
  File "C:\Users\lauty\Desktop\Proyectos\Stock-SalesAPP\StockSalesApp\Backend\venv\Lib\site-packages\django\db\backends\utils.py", line 92, in _execute_with_wrappers
    return executor(sql, params, many, context)
  File "C:\Users\lauty\Desktop\Proyectos\Stock-SalesAPP\StockSalesApp\Backend\venv\Lib\site-packages\django\db\backends\utils.py", line 100, in _execute
    with self.db.wrap_database_errors:
         ^^^^^^^^^^^^^^^^^^^^^^^^^^^^
  File "C:\Users\lauty\Desktop\Proyectos\Stock-SalesAPP\StockSalesApp\Backend\venv\Lib\site-packages\django\db\utils.py", line 91, in __exit__
    raise dj_exc_value.with_traceback(traceback) from exc_value
  File "C:\Users\lauty\Desktop\Proyectos\Stock-SalesAPP\StockSalesApp\Backend\venv\Lib\site-packages\django\db\backends\utils.py", line 105, in _execute
    return self.cursor.execute(sql, params)
           ~~~~~~~~~~~~~~~~~~~^^^^^^^^^^^^^
  File "C:\Users\lauty\Desktop\Proyectos\Stock-SalesAPP\StockSalesApp\Backend\venv\Lib\site-packages\django\db\backends\sqlite3\base.py", line 360, in execute
    return super().execute(query, params)
           ~~~~~~~~~~~~~~~^^^^^^^^^^^^^^^
django.db.utils.OperationalError: no such table: Auth_customuser
[06/Dec/2025 18:28:41] "POST /api/login/ HTTP/1.1" 500 203224
Internal Server Error: /api/login/
Traceback (most recent call last):
  File "C:\Users\lauty\Desktop\Proyectos\Stock-SalesAPP\StockSalesApp\Backend\venv\Lib\site-packages\django\db\backends\utils.py", line 105, in _execute
    return self.cursor.execute(sql, params)
           ~~~~~~~~~~~~~~~~~~~^^^^^^^^^^^^^
  File "C:\Users\lauty\Desktop\Proyectos\Stock-SalesAPP\StockSalesApp\Backend\venv\Lib\site-packages\django\db\backends\sqlite3\base.py", line 360, in execute
    return super().execute(query, params)
           ~~~~~~~~~~~~~~~^^^^^^^^^^^^^^^
sqlite3.OperationalError: no such table: Auth_customuser

The above exception was the direct cause of the following exception:

Traceback (most recent call last):
  File "C:\Users\lauty\Desktop\Proyectos\Stock-SalesAPP\StockSalesApp\Backend\venv\Lib\site-packages\django\core\handlers\exception.py", line 55, in inner
    response = get_response(request)
  File "C:\Users\lauty\Desktop\Proyectos\Stock-SalesAPP\StockSalesApp\Backend\venv\Lib\site-packages\django\core\handlers\base.py", line 197, in _get_response
    response = wrapped_callback(request, *callback_args, **callback_kwargs)
  File "C:\Users\lauty\Desktop\Proyectos\Stock-SalesAPP\StockSalesApp\Backend\venv\Lib\site-packages\django\views\decorators\csrf.py", line 65, in _view_wrapper
    return view_func(request, *args, **kwargs)
  File "C:\Users\lauty\Desktop\Proyectos\Stock-SalesAPP\StockSalesApp\Backend\venv\Lib\site-packages\django\views\generic\base.py", line 105, in view
    return self.dispatch(request, *args, **kwargs)
           ~~~~~~~~~~~~~^^^^^^^^^^^^^^^^^^^^^^^^^^
  File "C:\Users\lauty\Desktop\Proyectos\Stock-SalesAPP\StockSalesApp\Backend\venv\Lib\site-packages\rest_framework\views.py", line 515, in dispatch
    response = self.handle_exception(exc)
  File "C:\Users\lauty\Desktop\Proyectos\Stock-SalesAPP\StockSalesApp\Backend\venv\Lib\site-packages\rest_framework\views.py", line 475, in handle_exception
    self.raise_uncaught_exception(exc)
    ~~~~~~~~~~~~~~~~~~~~~~~~~~~~~^^^^^
  File "C:\Users\lauty\Desktop\Proyectos\Stock-SalesAPP\StockSalesApp\Backend\venv\Lib\site-packages\rest_framework\views.py", line 486, in raise_uncaught_exception
    raise exc
  File "C:\Users\lauty\Desktop\Proyectos\Stock-SalesAPP\StockSalesApp\Backend\venv\Lib\site-packages\rest_framework\views.py", line 512, in dispatch
    response = handler(request, *args, **kwargs)
  File "C:\Users\lauty\Desktop\Proyectos\Stock-SalesAPP\StockSalesApp\Backend\venv\Lib\site-packages\rest_framework\authtoken\views.py", line 56, in post
    serializer.is_valid(raise_exception=True)
    ~~~~~~~~~~~~~~~~~~~^^^^^^^^^^^^^^^^^^^^^^
  File "C:\Users\lauty\Desktop\Proyectos\Stock-SalesAPP\StockSalesApp\Backend\venv\Lib\site-packages\rest_framework\serializers.py", line 225, in is_valid
    self._validated_data = self.run_validation(self.initial_data)
                           ~~~~~~~~~~~~~~~~~~~^^^^^^^^^^^^^^^^^^^
  File "C:\Users\lauty\Desktop\Proyectos\Stock-SalesAPP\StockSalesApp\Backend\venv\Lib\site-packages\rest_framework\serializers.py", line 447, in run_validation
    value = self.validate(value)
  File "C:\Users\lauty\Desktop\Proyectos\Stock-SalesAPP\StockSalesApp\Backend\venv\Lib\site-packages\rest_framework\authtoken\serializers.py", line 28, in validate
    user = authenticate(request=self.context.get('request'),
                        username=username, password=password)
  File "C:\Users\lauty\Desktop\Proyectos\Stock-SalesAPP\StockSalesApp\Backend\venv\Lib\site-packages\django\views\decorators\debug.py", line 75, in sensitive_variables_wrapper
    return func(*func_args, **func_kwargs)
  File "C:\Users\lauty\Desktop\Proyectos\Stock-SalesAPP\StockSalesApp\Backend\venv\Lib\site-packages\django\contrib\auth\__init__.py", line 114, in authenticate
    user = backend.authenticate(request, **credentials)
  File "C:\Users\lauty\Desktop\Proyectos\Stock-SalesAPP\StockSalesApp\Backend\venv\Lib\site-packages\django\contrib\auth\backends.py", line 65, in authenticate
    user = UserModel._default_manager.get_by_natural_key(username)
  File "C:\Users\lauty\Desktop\Proyectos\Stock-SalesAPP\StockSalesApp\Backend\venv\Lib\site-packages\django\contrib\auth\base_user.py", line 37, in get_by_natural_key
    return self.get(**{self.model.USERNAME_FIELD: username})
           ~~~~~~~~^^^^^^^^^^^^^^^^^^^^^^^^^^^^^^^^^^^^^^^^^
  File "C:\Users\lauty\Desktop\Proyectos\Stock-SalesAPP\StockSalesApp\Backend\venv\Lib\site-packages\django\db\models\manager.py", line 87, in manager_method
    return getattr(self.get_queryset(), name)(*args, **kwargs)
           ~~~~~~~~~~~~~~~~~~~~~~~~~~~~~~~~~~^^^^^^^^^^^^^^^^^
  File "C:\Users\lauty\Desktop\Proyectos\Stock-SalesAPP\StockSalesApp\Backend\venv\Lib\site-packages\django\db\models\query.py", line 629, in get
    num = len(clone)
  File "C:\Users\lauty\Desktop\Proyectos\Stock-SalesAPP\StockSalesApp\Backend\venv\Lib\site-packages\django\db\models\query.py", line 366, in __len__
    self._fetch_all()
    ~~~~~~~~~~~~~~~^^
  File "C:\Users\lauty\Desktop\Proyectos\Stock-SalesAPP\StockSalesApp\Backend\venv\Lib\site-packages\django\db\models\query.py", line 1949, in _fetch_all
    self._result_cache = list(self._iterable_class(self))
                         ~~~~^^^^^^^^^^^^^^^^^^^^^^^^^^^^
  File "C:\Users\lauty\Desktop\Proyectos\Stock-SalesAPP\StockSalesApp\Backend\venv\Lib\site-packages\django\db\models\query.py", line 91, in __iter__
    results = compiler.execute_sql(
        chunked_fetch=self.chunked_fetch, chunk_size=self.chunk_size
    )
  File "C:\Users\lauty\Desktop\Proyectos\Stock-SalesAPP\StockSalesApp\Backend\venv\Lib\site-packages\django\db\models\sql\compiler.py", line 1623, in execute_sql
    cursor.execute(sql, params)
    ~~~~~~~~~~~~~~^^^^^^^^^^^^^
  File "C:\Users\lauty\Desktop\Proyectos\Stock-SalesAPP\StockSalesApp\Backend\venv\Lib\site-packages\django\db\backends\utils.py", line 122, in execute
    return super().execute(sql, params)
           ~~~~~~~~~~~~~~~^^^^^^^^^^^^^
  File "C:\Users\lauty\Desktop\Proyectos\Stock-SalesAPP\StockSalesApp\Backend\venv\Lib\site-packages\django\db\backends\utils.py", line 79, in execute
    return self._execute_with_wrappers(
           ~~~~~~~~~~~~~~~~~~~~~~~~~~~^
        sql, params, many=False, executor=self._execute
        ^^^^^^^^^^^^^^^^^^^^^^^^^^^^^^^^^^^^^^^^^^^^^^^
    )
    ^
  File "C:\Users\lauty\Desktop\Proyectos\Stock-SalesAPP\StockSalesApp\Backend\venv\Lib\site-packages\django\db\backends\utils.py", line 92, in _execute_with_wrappers
    return executor(sql, params, many, context)
  File "C:\Users\lauty\Desktop\Proyectos\Stock-SalesAPP\StockSalesApp\Backend\venv\Lib\site-packages\django\db\backends\utils.py", line 100, in _execute
    with self.db.wrap_database_errors:
         ^^^^^^^^^^^^^^^^^^^^^^^^^^^^
  File "C:\Users\lauty\Desktop\Proyectos\Stock-SalesAPP\StockSalesApp\Backend\venv\Lib\site-packages\django\db\utils.py", line 91, in __exit__
    raise dj_exc_value.with_traceback(traceback) from exc_value
  File "C:\Users\lauty\Desktop\Proyectos\Stock-SalesAPP\StockSalesApp\Backend\venv\Lib\site-packages\django\db\backends\utils.py", line 105, in _execute
    return self.cursor.execute(sql, params)
           ~~~~~~~~~~~~~~~~~~~^^^^^^^^^^^^^
  File "C:\Users\lauty\Desktop\Proyectos\Stock-SalesAPP\StockSalesApp\Backend\venv\Lib\site-packages\django\db\backends\sqlite3\base.py", line 360, in execute
    return super().execute(query, params)
           ~~~~~~~~~~~~~~~^^^^^^^^^^^^^^^
django.db.utils.OperationalError: no such table: Auth_customuser
[06/Dec/2025 18:28:44] "POST /api/login/ HTTP/1.1" 500 203224
[06/Dec/2025 18:29:00] "OPTIONS /api/login/ HTTP/1.1" 200 0
Internal Server Error: /api/login/
Traceback (most recent call last):
  File "C:\Users\lauty\Desktop\Proyectos\Stock-SalesAPP\StockSalesApp\Backend\venv\Lib\site-packages\django\db\backends\utils.py", line 105, in _execute
    return self.cursor.execute(sql, params)
           ~~~~~~~~~~~~~~~~~~~^^^^^^^^^^^^^
  File "C:\Users\lauty\Desktop\Proyectos\Stock-SalesAPP\StockSalesApp\Backend\venv\Lib\site-packages\django\db\backends\sqlite3\base.py", line 360, in execute
    return super().execute(query, params)
           ~~~~~~~~~~~~~~~^^^^^^^^^^^^^^^
sqlite3.OperationalError: no such table: Auth_customuser

The above exception was the direct cause of the following exception:

Traceback (most recent call last):
  File "C:\Users\lauty\Desktop\Proyectos\Stock-SalesAPP\StockSalesApp\Backend\venv\Lib\site-packages\django\core\handlers\exception.py", line 55, in inner
    response = get_response(request)
  File "C:\Users\lauty\Desktop\Proyectos\Stock-SalesAPP\StockSalesApp\Backend\venv\Lib\site-packages\django\core\handlers\base.py", line 197, in _get_response
    response = wrapped_callback(request, *callback_args, **callback_kwargs)
  File "C:\Users\lauty\Desktop\Proyectos\Stock-SalesAPP\StockSalesApp\Backend\venv\Lib\site-packages\django\views\decorators\csrf.py", line 65, in _view_wrapper
    return view_func(request, *args, **kwargs)
  File "C:\Users\lauty\Desktop\Proyectos\Stock-SalesAPP\StockSalesApp\Backend\venv\Lib\site-packages\django\views\generic\base.py", line 105, in view
    return self.dispatch(request, *args, **kwargs)
           ~~~~~~~~~~~~~^^^^^^^^^^^^^^^^^^^^^^^^^^
  File "C:\Users\lauty\Desktop\Proyectos\Stock-SalesAPP\StockSalesApp\Backend\venv\Lib\site-packages\rest_framework\views.py", line 515, in dispatch
    response = self.handle_exception(exc)
  File "C:\Users\lauty\Desktop\Proyectos\Stock-SalesAPP\StockSalesApp\Backend\venv\Lib\site-packages\rest_framework\views.py", line 475, in handle_exception
    self.raise_uncaught_exception(exc)
    ~~~~~~~~~~~~~~~~~~~~~~~~~~~~~^^^^^
  File "C:\Users\lauty\Desktop\Proyectos\Stock-SalesAPP\StockSalesApp\Backend\venv\Lib\site-packages\rest_framework\views.py", line 486, in raise_uncaught_exception
    raise exc
  File "C:\Users\lauty\Desktop\Proyectos\Stock-SalesAPP\StockSalesApp\Backend\venv\Lib\site-packages\rest_framework\views.py", line 512, in dispatch
    response = handler(request, *args, **kwargs)
  File "C:\Users\lauty\Desktop\Proyectos\Stock-SalesAPP\StockSalesApp\Backend\venv\Lib\site-packages\rest_framework\authtoken\views.py", line 56, in post
    serializer.is_valid(raise_exception=True)
    ~~~~~~~~~~~~~~~~~~~^^^^^^^^^^^^^^^^^^^^^^
  File "C:\Users\lauty\Desktop\Proyectos\Stock-SalesAPP\StockSalesApp\Backend\venv\Lib\site-packages\rest_framework\serializers.py", line 225, in is_valid
    self._validated_data = self.run_validation(self.initial_data)
                           ~~~~~~~~~~~~~~~~~~~^^^^^^^^^^^^^^^^^^^
  File "C:\Users\lauty\Desktop\Proyectos\Stock-SalesAPP\StockSalesApp\Backend\venv\Lib\site-packages\rest_framework\serializers.py", line 447, in run_validation
    value = self.validate(value)
  File "C:\Users\lauty\Desktop\Proyectos\Stock-SalesAPP\StockSalesApp\Backend\venv\Lib\site-packages\rest_framework\authtoken\serializers.py", line 28, in validate
    user = authenticate(request=self.context.get('request'),
                        username=username, password=password)
  File "C:\Users\lauty\Desktop\Proyectos\Stock-SalesAPP\StockSalesApp\Backend\venv\Lib\site-packages\django\views\decorators\debug.py", line 75, in sensitive_variables_wrapper
    return func(*func_args, **func_kwargs)
  File "C:\Users\lauty\Desktop\Proyectos\Stock-SalesAPP\StockSalesApp\Backend\venv\Lib\site-packages\django\contrib\auth\__init__.py", line 114, in authenticate
    user = backend.authenticate(request, **credentials)
  File "C:\Users\lauty\Desktop\Proyectos\Stock-SalesAPP\StockSalesApp\Backend\venv\Lib\site-packages\django\contrib\auth\backends.py", line 65, in authenticate
    user = UserModel._default_manager.get_by_natural_key(username)
  File "C:\Users\lauty\Desktop\Proyectos\Stock-SalesAPP\StockSalesApp\Backend\venv\Lib\site-packages\django\contrib\auth\base_user.py", line 37, in get_by_natural_key
    return self.get(**{self.model.USERNAME_FIELD: username})
           ~~~~~~~~^^^^^^^^^^^^^^^^^^^^^^^^^^^^^^^^^^^^^^^^^
  File "C:\Users\lauty\Desktop\Proyectos\Stock-SalesAPP\StockSalesApp\Backend\venv\Lib\site-packages\django\db\models\manager.py", line 87, in manager_method
    return getattr(self.get_queryset(), name)(*args, **kwargs)
           ~~~~~~~~~~~~~~~~~~~~~~~~~~~~~~~~~~^^^^^^^^^^^^^^^^^
  File "C:\Users\lauty\Desktop\Proyectos\Stock-SalesAPP\StockSalesApp\Backend\venv\Lib\site-packages\django\db\models\query.py", line 629, in get
    num = len(clone)
  File "C:\Users\lauty\Desktop\Proyectos\Stock-SalesAPP\StockSalesApp\Backend\venv\Lib\site-packages\django\db\models\query.py", line 366, in __len__
    self._fetch_all()
    ~~~~~~~~~~~~~~~^^
  File "C:\Users\lauty\Desktop\Proyectos\Stock-SalesAPP\StockSalesApp\Backend\venv\Lib\site-packages\django\db\models\query.py", line 1949, in _fetch_all
    self._result_cache = list(self._iterable_class(self))
                         ~~~~^^^^^^^^^^^^^^^^^^^^^^^^^^^^
  File "C:\Users\lauty\Desktop\Proyectos\Stock-SalesAPP\StockSalesApp\Backend\venv\Lib\site-packages\django\db\models\query.py", line 91, in __iter__
    results = compiler.execute_sql(
        chunked_fetch=self.chunked_fetch, chunk_size=self.chunk_size
    )
  File "C:\Users\lauty\Desktop\Proyectos\Stock-SalesAPP\StockSalesApp\Backend\venv\Lib\site-packages\django\db\models\sql\compiler.py", line 1623, in execute_sql
    cursor.execute(sql, params)
    ~~~~~~~~~~~~~~^^^^^^^^^^^^^
  File "C:\Users\lauty\Desktop\Proyectos\Stock-SalesAPP\StockSalesApp\Backend\venv\Lib\site-packages\django\db\backends\utils.py", line 122, in execute
    return super().execute(sql, params)
           ~~~~~~~~~~~~~~~^^^^^^^^^^^^^
  File "C:\Users\lauty\Desktop\Proyectos\Stock-SalesAPP\StockSalesApp\Backend\venv\Lib\site-packages\django\db\backends\utils.py", line 79, in execute
    return self._execute_with_wrappers(
           ~~~~~~~~~~~~~~~~~~~~~~~~~~~^
        sql, params, many=False, executor=self._execute
        ^^^^^^^^^^^^^^^^^^^^^^^^^^^^^^^^^^^^^^^^^^^^^^^
    )
    ^
  File "C:\Users\lauty\Desktop\Proyectos\Stock-SalesAPP\StockSalesApp\Backend\venv\Lib\site-packages\django\db\backends\utils.py", line 92, in _execute_with_wrappers
    return executor(sql, params, many, context)
  File "C:\Users\lauty\Desktop\Proyectos\Stock-SalesAPP\StockSalesApp\Backend\venv\Lib\site-packages\django\db\backends\utils.py", line 100, in _execute
    with self.db.wrap_database_errors:
         ^^^^^^^^^^^^^^^^^^^^^^^^^^^^
  File "C:\Users\lauty\Desktop\Proyectos\Stock-SalesAPP\StockSalesApp\Backend\venv\Lib\site-packages\django\db\utils.py", line 91, in __exit__
    raise dj_exc_value.with_traceback(traceback) from exc_value
  File "C:\Users\lauty\Desktop\Proyectos\Stock-SalesAPP\StockSalesApp\Backend\venv\Lib\site-packages\django\db\backends\utils.py", line 105, in _execute
    return self.cursor.execute(sql, params)
           ~~~~~~~~~~~~~~~~~~~^^^^^^^^^^^^^
  File "C:\Users\lauty\Desktop\Proyectos\Stock-SalesAPP\StockSalesApp\Backend\venv\Lib\site-packages\django\db\backends\sqlite3\base.py", line 360, in execute
    return super().execute(query, params)
           ~~~~~~~~~~~~~~~^^^^^^^^^^^^^^^
django.db.utils.OperationalError: no such table: Auth_customuser
[06/Dec/2025 18:29:00] "POST /api/login/ HTTP/1.1" 500 203224
Internal Server Error: /api/login/
Traceback (most recent call last):
  File "C:\Users\lauty\Desktop\Proyectos\Stock-SalesAPP\StockSalesApp\Backend\venv\Lib\site-packages\django\db\backends\utils.py", line 105, in _execute
    return self.cursor.execute(sql, params)
           ~~~~~~~~~~~~~~~~~~~^^^^^^^^^^^^^
  File "C:\Users\lauty\Desktop\Proyectos\Stock-SalesAPP\StockSalesApp\Backend\venv\Lib\site-packages\django\db\backends\sqlite3\base.py", line 360, in execute
    return super().execute(query, params)
           ~~~~~~~~~~~~~~~^^^^^^^^^^^^^^^
sqlite3.OperationalError: no such table: Auth_customuser

The above exception was the direct cause of the following exception:

Traceback (most recent call last):
  File "C:\Users\lauty\Desktop\Proyectos\Stock-SalesAPP\StockSalesApp\Backend\venv\Lib\site-packages\django\core\handlers\exception.py", line 55, in inner
    response = get_response(request)
  File "C:\Users\lauty\Desktop\Proyectos\Stock-SalesAPP\StockSalesApp\Backend\venv\Lib\site-packages\django\core\handlers\base.py", line 197, in _get_response
    response = wrapped_callback(request, *callback_args, **callback_kwargs)
  File "C:\Users\lauty\Desktop\Proyectos\Stock-SalesAPP\StockSalesApp\Backend\venv\Lib\site-packages\django\views\decorators\csrf.py", line 65, in _view_wrapper
    return view_func(request, *args, **kwargs)
  File "C:\Users\lauty\Desktop\Proyectos\Stock-SalesAPP\StockSalesApp\Backend\venv\Lib\site-packages\django\views\generic\base.py", line 105, in view
    return self.dispatch(request, *args, **kwargs)
           ~~~~~~~~~~~~~^^^^^^^^^^^^^^^^^^^^^^^^^^
  File "C:\Users\lauty\Desktop\Proyectos\Stock-SalesAPP\StockSalesApp\Backend\venv\Lib\site-packages\rest_framework\views.py", line 515, in dispatch
    response = self.handle_exception(exc)
  File "C:\Users\lauty\Desktop\Proyectos\Stock-SalesAPP\StockSalesApp\Backend\venv\Lib\site-packages\rest_framework\views.py", line 475, in handle_exception
    self.raise_uncaught_exception(exc)
    ~~~~~~~~~~~~~~~~~~~~~~~~~~~~~^^^^^
  File "C:\Users\lauty\Desktop\Proyectos\Stock-SalesAPP\StockSalesApp\Backend\venv\Lib\site-packages\rest_framework\views.py", line 486, in raise_uncaught_exception
    raise exc
  File "C:\Users\lauty\Desktop\Proyectos\Stock-SalesAPP\StockSalesApp\Backend\venv\Lib\site-packages\rest_framework\views.py", line 512, in dispatch
    response = handler(request, *args, **kwargs)
  File "C:\Users\lauty\Desktop\Proyectos\Stock-SalesAPP\StockSalesApp\Backend\venv\Lib\site-packages\rest_framework\authtoken\views.py", line 56, in post
    serializer.is_valid(raise_exception=True)
    ~~~~~~~~~~~~~~~~~~~^^^^^^^^^^^^^^^^^^^^^^
  File "C:\Users\lauty\Desktop\Proyectos\Stock-SalesAPP\StockSalesApp\Backend\venv\Lib\site-packages\rest_framework\serializers.py", line 225, in is_valid
    self._validated_data = self.run_validation(self.initial_data)
                           ~~~~~~~~~~~~~~~~~~~^^^^^^^^^^^^^^^^^^^
  File "C:\Users\lauty\Desktop\Proyectos\Stock-SalesAPP\StockSalesApp\Backend\venv\Lib\site-packages\rest_framework\serializers.py", line 447, in run_validation
    value = self.validate(value)
  File "C:\Users\lauty\Desktop\Proyectos\Stock-SalesAPP\StockSalesApp\Backend\venv\Lib\site-packages\rest_framework\authtoken\serializers.py", line 28, in validate
    user = authenticate(request=self.context.get('request'),
                        username=username, password=password)
  File "C:\Users\lauty\Desktop\Proyectos\Stock-SalesAPP\StockSalesApp\Backend\venv\Lib\site-packages\django\views\decorators\debug.py", line 75, in sensitive_variables_wrapper
    return func(*func_args, **func_kwargs)
  File "C:\Users\lauty\Desktop\Proyectos\Stock-SalesAPP\StockSalesApp\Backend\venv\Lib\site-packages\django\contrib\auth\__init__.py", line 114, in authenticate
    user = backend.authenticate(request, **credentials)
  File "C:\Users\lauty\Desktop\Proyectos\Stock-SalesAPP\StockSalesApp\Backend\venv\Lib\site-packages\django\contrib\auth\backends.py", line 65, in authenticate
    user = UserModel._default_manager.get_by_natural_key(username)
  File "C:\Users\lauty\Desktop\Proyectos\Stock-SalesAPP\StockSalesApp\Backend\venv\Lib\site-packages\django\contrib\auth\base_user.py", line 37, in get_by_natural_key
    return self.get(**{self.model.USERNAME_FIELD: username})
           ~~~~~~~~^^^^^^^^^^^^^^^^^^^^^^^^^^^^^^^^^^^^^^^^^
  File "C:\Users\lauty\Desktop\Proyectos\Stock-SalesAPP\StockSalesApp\Backend\venv\Lib\site-packages\django\db\models\manager.py", line 87, in manager_method
    return getattr(self.get_queryset(), name)(*args, **kwargs)
           ~~~~~~~~~~~~~~~~~~~~~~~~~~~~~~~~~~^^^^^^^^^^^^^^^^^
  File "C:\Users\lauty\Desktop\Proyectos\Stock-SalesAPP\StockSalesApp\Backend\venv\Lib\site-packages\django\db\models\query.py", line 629, in get
    num = len(clone)
  File "C:\Users\lauty\Desktop\Proyectos\Stock-SalesAPP\StockSalesApp\Backend\venv\Lib\site-packages\django\db\models\query.py", line 366, in __len__
    self._fetch_all()
    ~~~~~~~~~~~~~~~^^
  File "C:\Users\lauty\Desktop\Proyectos\Stock-SalesAPP\StockSalesApp\Backend\venv\Lib\site-packages\django\db\models\query.py", line 1949, in _fetch_all
    self._result_cache = list(self._iterable_class(self))
                         ~~~~^^^^^^^^^^^^^^^^^^^^^^^^^^^^
  File "C:\Users\lauty\Desktop\Proyectos\Stock-SalesAPP\StockSalesApp\Backend\venv\Lib\site-packages\django\db\models\query.py", line 91, in __iter__
    results = compiler.execute_sql(
        chunked_fetch=self.chunked_fetch, chunk_size=self.chunk_size
    )
  File "C:\Users\lauty\Desktop\Proyectos\Stock-SalesAPP\StockSalesApp\Backend\venv\Lib\site-packages\django\db\models\sql\compiler.py", line 1623, in execute_sql
    cursor.execute(sql, params)
    ~~~~~~~~~~~~~~^^^^^^^^^^^^^
  File "C:\Users\lauty\Desktop\Proyectos\Stock-SalesAPP\StockSalesApp\Backend\venv\Lib\site-packages\django\db\backends\utils.py", line 122, in execute
    return super().execute(sql, params)
           ~~~~~~~~~~~~~~~^^^^^^^^^^^^^
  File "C:\Users\lauty\Desktop\Proyectos\Stock-SalesAPP\StockSalesApp\Backend\venv\Lib\site-packages\django\db\backends\utils.py", line 79, in execute
    return self._execute_with_wrappers(
           ~~~~~~~~~~~~~~~~~~~~~~~~~~~^
        sql, params, many=False, executor=self._execute
        ^^^^^^^^^^^^^^^^^^^^^^^^^^^^^^^^^^^^^^^^^^^^^^^
    )
    ^
  File "C:\Users\lauty\Desktop\Proyectos\Stock-SalesAPP\StockSalesApp\Backend\venv\Lib\site-packages\django\db\backends\utils.py", line 92, in _execute_with_wrappers
    return executor(sql, params, many, context)
  File "C:\Users\lauty\Desktop\Proyectos\Stock-SalesAPP\StockSalesApp\Backend\venv\Lib\site-packages\django\db\backends\utils.py", line 100, in _execute
    with self.db.wrap_database_errors:
         ^^^^^^^^^^^^^^^^^^^^^^^^^^^^
  File "C:\Users\lauty\Desktop\Proyectos\Stock-SalesAPP\StockSalesApp\Backend\venv\Lib\site-packages\django\db\utils.py", line 91, in __exit__
    raise dj_exc_value.with_traceback(traceback) from exc_value
  File "C:\Users\lauty\Desktop\Proyectos\Stock-SalesAPP\StockSalesApp\Backend\venv\Lib\site-packages\django\db\backends\utils.py", line 105, in _execute
    return self.cursor.execute(sql, params)
           ~~~~~~~~~~~~~~~~~~~^^^^^^^^^^^^^
  File "C:\Users\lauty\Desktop\Proyectos\Stock-SalesAPP\StockSalesApp\Backend\venv\Lib\site-packages\django\db\backends\sqlite3\base.py", line 360, in execute
    return super().execute(query, params)
           ~~~~~~~~~~~~~~~^^^^^^^^^^^^^^^
django.db.utils.OperationalError: no such table: Auth_customuser
[06/Dec/2025 18:29:02] "POST /api/login/ HTTP/1.1" 500 203224


--- Starting Django Server ---
Watching for file changes with StatReloader
System check identified some issues:

WARNINGS:
?: (staticfiles.W004) The directory 'C:\Users\lauty\Desktop\Proyectos\Stock-SalesAPP\StockSalesApp\Backend\StockSalesApp/static/' in the STATICFILES_DIRS setting does not exist.

System check identified 1 issue (0 silenced).
C:\Users\lauty\Desktop\Proyectos\Stock-SalesAPP\StockSalesApp\Backend\AuthAPI\views.py changed, reloading.
Performing system checks...


You have 37 unapplied migration(s). Your project may not work properly until you apply the migrations for app(s): Auth, BlameAPI, InventoryAPI, ProvidersAPI, SalesAPI, admin, auth, authtoken, contenttypes, sessions.
Run 'python manage.py migrate' to apply them.
December 06, 2025 - 18:31:28
Django version 5.2.4, using settings 'StockSalesApp.settings'
Starting development server at http://0.0.0.0:8000/
Quit the server with CTRL-BREAK.

WARNING: This is a development server. Do not use it in a production setting. Use a production WSGI or ASGI server instead.
For more information on production servers see: https://docs.djangoproject.com/en/5.2/howto/deployment/


--- Starting Django Server ---
Watching for file changes with StatReloader
System check identified some issues:

WARNINGS:
?: (staticfiles.W004) The directory 'C:\Users\lauty\Desktop\Proyectos\Stock-SalesAPP\StockSalesApp\Backend\StockSalesApp/static/' in the STATICFILES_DIRS setting does not exist.

System check identified 1 issue (0 silenced).
C:\Users\lauty\Desktop\Proyectos\Stock-SalesAPP\StockSalesApp\Backend\InventoryAPI\models.py changed, reloading.
Performing system checks...

December 06, 2025 - 22:50:50
Django version 5.2.4, using settings 'StockSalesApp.settings'
Starting development server at http://0.0.0.0:8000/
Quit the server with CTRL-BREAK.

WARNING: This is a development server. Do not use it in a production setting. Use a production WSGI or ASGI server instead.
For more information on production servers see: https://docs.djangoproject.com/en/5.2/howto/deployment/
