<?xml version="1.0" encoding="UTF-8"?>
<coverage generated="1767921148964" clover="3.2.0">
  <project timestamp="1767921148964" name="All files">
    <metrics statements="3" coveredstatements="3" conditionals="13" coveredconditionals="10" methods="2" coveredmethods="2" elements="18" coveredelements="15" complexity="0" loc="3" ncloc="3" packages="2" files="2" classes="2"/>
    <package name="crud">
      <metrics statements="2" coveredstatements="2" conditionals="5" coveredconditionals="4" methods="1" coveredmethods="1"/>
      <file name="CustomInput.jsx" path="C:\Trabajo\TiendaClick\Stock-SalesAPP\Frontend\TiendaClick\src\components\crud\CustomInput.jsx">
        <metrics statements="2" coveredstatements="2" conditionals="5" coveredconditionals="4" methods="1" coveredmethods="1"/>
        <line num="7" count="15" type="cond" truecount="1" falsecount="1"/>
        <line num="9" count="15" type="stmt"/>
      </file>
    </package>
    <package name="providers.forms">
      <metrics statements="1" coveredstatements="1" conditionals="8" coveredconditionals="6" methods="1" coveredmethods="1"/>
      <file name="InfoFormContent.jsx" path="C:\Trabajo\TiendaClick\Stock-SalesAPP\Frontend\TiendaClick\src\components\providers\forms\InfoFormContent.jsx">
        <metrics statements="1" coveredstatements="1" conditionals="8" coveredconditionals="6" methods="1" coveredmethods="1"/>
        <line num="6" count="3" type="stmt"/>
      </file>
    </package>
  </project>
</coverage>
