<?xml version="1.0" encoding="UTF-8"?>
<coverage generated="1767838892287" clover="3.2.0">
  <project timestamp="1767838892287" name="All files">
    <metrics statements="61" coveredstatements="51" conditionals="50" coveredconditionals="37" methods="13" coveredmethods="11" elements="124" coveredelements="99" complexity="0" loc="61" ncloc="61" packages="3" files="4" classes="4"/>
    <package name="src.components.dashboard">
      <metrics statements="60" coveredstatements="50" conditionals="50" coveredconditionals="37" methods="13" coveredmethods="11"/>
      <file name="ActionBox.jsx" path="C:\Trabajo\TiendaClick\Stock-SalesAPP\Frontend\TiendaClick\src\components\dashboard\ActionBox.jsx">
        <metrics statements="7" coveredstatements="7" conditionals="14" coveredconditionals="13" methods="2" coveredmethods="2"/>
        <line num="4" count="1" type="stmt"/>
        <line num="5" count="5" type="stmt"/>
        <line num="6" count="5" type="stmt"/>
        <line num="7" count="5" type="stmt"/>
        <line num="9" count="5" type="cond" truecount="4" falsecount="0"/>
        <line num="20" count="5" type="stmt"/>
        <line num="35" count="2" type="stmt"/>
      </file>
      <file name="Dashboard.jsx" path="C:\Trabajo\TiendaClick\Stock-SalesAPP\Frontend\TiendaClick\src\components\dashboard\Dashboard.jsx">
        <metrics statements="53" coveredstatements="43" conditionals="36" coveredconditionals="24" methods="11" coveredmethods="9"/>
        <line num="21" count="6" type="stmt"/>
        <line num="22" count="6" type="stmt"/>
        <line num="23" count="6" type="stmt"/>
        <line num="24" count="6" type="stmt"/>
        <line num="25" count="6" type="stmt"/>
        <line num="26" count="6" type="stmt"/>
        <line num="27" count="6" type="stmt"/>
        <line num="30" count="6" type="stmt"/>
        <line num="31" count="6" type="stmt"/>
        <line num="32" count="6" type="stmt"/>
        <line num="34" count="6" type="stmt"/>
        <line num="41" count="6" type="stmt"/>
        <line num="42" count="3" type="stmt"/>
        <line num="43" count="0" type="stmt"/>
        <line num="44" count="0" type="cond" truecount="0" falsecount="2"/>
        <line num="45" count="0" type="stmt"/>
        <line num="47" count="0" type="stmt"/>
        <line num="50" count="3" type="stmt"/>
        <line num="51" count="3" type="stmt"/>
        <line num="52" count="3" type="stmt"/>
        <line num="55" count="6" type="stmt"/>
        <line num="56" count="4" type="stmt"/>
        <line num="57" count="4" type="stmt"/>
        <line num="58" count="4" type="cond" truecount="1" falsecount="1"/>
        <line num="59" count="4" type="stmt"/>
        <line num="61" count="0" type="stmt"/>
        <line num="62" count="0" type="stmt"/>
        <line num="66" count="4" type="stmt"/>
        <line num="67" count="4" type="stmt"/>
        <line num="68" count="4" type="cond" truecount="1" falsecount="1"/>
        <line num="69" count="4" type="stmt"/>
        <line num="71" count="0" type="stmt"/>
        <line num="75" count="4" type="stmt"/>
        <line num="76" count="4" type="stmt"/>
        <line num="78" count="4" type="cond" truecount="1" falsecount="1"/>
        <line num="79" count="4" type="stmt"/>
        <line num="81" count="0" type="stmt"/>
        <line num="85" count="4" type="stmt"/>
        <line num="86" count="4" type="stmt"/>
        <line num="87" count="4" type="cond" truecount="1" falsecount="1"/>
        <line num="88" count="4" type="stmt"/>
        <line num="90" count="0" type="stmt"/>
        <line num="94" count="4" type="stmt"/>
        <line num="95" count="4" type="stmt"/>
        <line num="96" count="4" type="stmt"/>
        <line num="97" count="4" type="stmt"/>
        <line num="100" count="6" type="stmt"/>
        <line num="101" count="1" type="stmt"/>
        <line num="102" count="1" type="stmt"/>
        <line num="103" count="1" type="cond" truecount="3" falsecount="1"/>
        <line num="104" count="1" type="stmt"/>
        <line num="107" count="6" type="stmt"/>
        <line num="216" count="0" type="cond" truecount="0" falsecount="2"/>
      </file>
    </package>
    <package name="src.css">
      <metrics statements="0" coveredstatements="0" conditionals="0" coveredconditionals="0" methods="0" coveredmethods="0"/>
      <file name="dashboard.css" path="C:\Trabajo\TiendaClick\Stock-SalesAPP\Frontend\TiendaClick\src\css\dashboard.css">
        <metrics statements="0" coveredstatements="0" conditionals="0" coveredconditionals="0" methods="0" coveredmethods="0"/>
      </file>
    </package>
    <package name="test.mocks">
      <metrics statements="1" coveredstatements="1" conditionals="0" coveredconditionals="0" methods="0" coveredmethods="0"/>
      <file name="useUser.mock.js" path="C:\Trabajo\TiendaClick\Stock-SalesAPP\Frontend\TiendaClick\test\mocks\useUser.mock.js">
        <metrics statements="1" coveredstatements="1" conditionals="0" coveredconditionals="0" methods="0" coveredmethods="0"/>
        <line num="2" count="1" type="stmt"/>
      </file>
    </package>
  </project>
</coverage>
