{"C:\\Trabajo\\TiendaClick\\Stock-SalesAPP\\Frontend\\TiendaClick\\src\\components\\crud\\ConfirmationModal.jsx": {"path":"C:\\Trabajo\\TiendaClick\\Stock-SalesAPP\\Frontend\\TiendaClick\\src\\components\\crud\\ConfirmationModal.jsx","statementMap":{"0":{"start":{"line":5,"column":2},"end":{"line":21,"column":null}}},"fnMap":{"0":{"name":"ConfirmationModal","decl":{"start":{"line":3,"column":24},"end":{"line":3,"column":42}},"loc":{"start":{"line":3,"column":102},"end":{"line":27,"column":null}},"line":3}},"branchMap":{"0":{"loc":{"start":{"line":11,"column":9},"end":{"line":14,"column":null}},"type":"cond-expr","locations":[{"start":{"line":11,"column":28},"end":{"line":14,"column":null}},{"start":{"line":14,"column":10},"end":{"line":14,"column":null}}],"line":11}},"s":{"0":4},"f":{"0":4},"b":{"0":[4,0]},"meta":{"lastBranch":1,"lastFunction":1,"lastStatement":1,"seen":{"f:3:24:3:42":0,"s:5:2:21:Infinity":0,"b:11:28:14:Infinity:14:10:14:Infinity":0}}}
,"C:\\Trabajo\\TiendaClick\\Stock-SalesAPP\\Frontend\\TiendaClick\\src\\components\\crud\\Item.jsx": {"path":"C:\\Trabajo\\TiendaClick\\Stock-SalesAPP\\Frontend\\TiendaClick\\src\\components\\crud\\Item.jsx","statementMap":{"0":{"start":{"line":2,"column":20},"end":{"line":2,"column":32}},"1":{"start":{"line":3,"column":23},"end":{"line":3,"column":null}},"2":{"start":{"line":4,"column":27},"end":{"line":4,"column":null}},"3":{"start":{"line":5,"column":28},"end":{"line":14,"column":null}},"4":{"start":{"line":6,"column":24},"end":{"line":6,"column":null}},"5":{"start":{"line":7,"column":8},"end":{"line":12,"column":null}},"6":{"start":{"line":8,"column":12},"end":{"line":8,"column":null}},"7":{"start":{"line":11,"column":12},"end":{"line":11,"column":null}},"8":{"start":{"line":13,"column":8},"end":{"line":13,"column":null}},"9":{"start":{"line":15,"column":4},"end":{"line":26,"column":null}},"10":{"start":{"line":18,"column":30},"end":{"line":18,"column":43}},"11":{"start":{"line":19,"column":37},"end":{"line":19,"column":null}},"12":{"start":{"line":21,"column":16},"end":{"line":22,"column":39}}},"fnMap":{"0":{"name":"Item","decl":{"start":{"line":1,"column":24},"end":{"line":1,"column":29}},"loc":{"start":{"line":1,"column":120},"end":{"line":30,"column":null}},"line":1},"1":{"name":"(anonymous_1)","decl":{"start":{"line":1,"column":92},"end":{"line":1,"column":100}},"loc":{"start":{"line":1,"column":92},"end":{"line":1,"column":101}},"line":1},"2":{"name":"(anonymous_2)","decl":{"start":{"line":5,"column":28},"end":{"line":5,"column":null}},"loc":{"start":{"line":5,"column":28},"end":{"line":14,"column":null}},"line":5},"3":{"name":"(anonymous_3)","decl":{"start":{"line":17,"column":25},"end":{"line":17,"column":26}},"loc":{"start":{"line":17,"column":31},"end":{"line":26,"column":null}},"line":17}},"branchMap":{"0":{"loc":{"start":{"line":1,"column":46},"end":{"line":1,"column":71}},"type":"default-arg","locations":[{"start":{"line":1,"column":62},"end":{"line":1,"column":71}}],"line":1},"1":{"loc":{"start":{"line":1,"column":73},"end":{"line":1,"column":101}},"type":"default-arg","locations":[{"start":{"line":1,"column":92},"end":{"line":1,"column":101}}],"line":1},"2":{"loc":{"start":{"line":1,"column":103},"end":{"line":1,"column":118}},"type":"default-arg","locations":[{"start":{"line":1,"column":112},"end":{"line":1,"column":118}}],"line":1},"3":{"loc":{"start":{"line":4,"column":27},"end":{"line":4,"column":null}},"type":"cond-expr","locations":[{"start":{"line":4,"column":46},"end":{"line":4,"column":62}},{"start":{"line":4,"column":62},"end":{"line":4,"column":null}}],"line":4},"4":{"loc":{"start":{"line":7,"column":8},"end":{"line":12,"column":null}},"type":"if","locations":[{"start":{"line":7,"column":8},"end":{"line":12,"column":null}},{"start":{"line":10,"column":15},"end":{"line":12,"column":null}}],"line":7},"5":{"loc":{"start":{"line":16,"column":49},"end":{"line":16,"column":null}},"type":"cond-expr","locations":[{"start":{"line":16,"column":62},"end":{"line":16,"column":83}},{"start":{"line":16,"column":83},"end":{"line":16,"column":null}}],"line":16},"6":{"loc":{"start":{"line":19,"column":37},"end":{"line":19,"column":null}},"type":"cond-expr","locations":[{"start":{"line":19,"column":65},"end":{"line":19,"column":84}},{"start":{"line":19,"column":84},"end":{"line":19,"column":null}}],"line":19}},"s":{"0":0,"1":0,"2":0,"3":0,"4":0,"5":0,"6":0,"7":0,"8":0,"9":0,"10":0,"11":0,"12":0},"f":{"0":0,"1":0,"2":0,"3":0},"b":{"0":[0],"1":[0],"2":[0],"3":[0,0],"4":[0,0],"5":[0,0],"6":[0,0]},"meta":{"lastBranch":7,"lastFunction":4,"lastStatement":13,"seen":{"f:1:24:1:29":0,"b:1:62:1:71":0,"b:1:92:1:101":1,"f:1:92:1:100":1,"b:1:112:1:118":2,"s:2:20:2:32":0,"s:3:23:3:Infinity":1,"s:4:27:4:Infinity":2,"b:4:46:4:62:4:62:4:Infinity":3,"s:5:28:14:Infinity":3,"f:5:28:5:Infinity":2,"s:6:24:6:Infinity":4,"b:7:8:12:Infinity:10:15:12:Infinity":4,"s:7:8:12:Infinity":5,"s:8:12:8:Infinity":6,"s:11:12:11:Infinity":7,"s:13:8:13:Infinity":8,"s:15:4:26:Infinity":9,"b:16:62:16:83:16:83:16:Infinity":5,"f:17:25:17:26":3,"s:18:30:18:43":10,"s:19:37:19:Infinity":11,"b:19:65:19:84:19:84:19:Infinity":6,"s:21:16:22:39":12}}}
,"C:\\Trabajo\\TiendaClick\\Stock-SalesAPP\\Frontend\\TiendaClick\\src\\components\\crud\\Table.jsx": {"path":"C:\\Trabajo\\TiendaClick\\Stock-SalesAPP\\Frontend\\TiendaClick\\src\\components\\crud\\Table.jsx","statementMap":{"0":{"start":{"line":10,"column":2},"end":{"line":13,"column":null}},"1":{"start":{"line":11,"column":4},"end":{"line":11,"column":null}},"2":{"start":{"line":12,"column":4},"end":{"line":12,"column":null}},"3":{"start":{"line":15,"column":2},"end":{"line":37,"column":null}},"4":{"start":{"line":19,"column":29},"end":{"line":20,"column":28}},"5":{"start":{"line":34,"column":27},"end":{"line":37,"column":null}}},"fnMap":{"0":{"name":"Table","decl":{"start":{"line":2,"column":24},"end":{"line":2,"column":30}},"loc":{"start":{"line":8,"column":10},"end":{"line":49,"column":null}},"line":8},"1":{"name":"(anonymous_1)","decl":{"start":{"line":19,"column":23},"end":{"line":19,"column":24}},"loc":{"start":{"line":19,"column":29},"end":{"line":20,"column":28}},"line":19},"2":{"name":"(anonymous_2)","decl":{"start":{"line":34,"column":20},"end":{"line":34,"column":21}},"loc":{"start":{"line":34,"column":27},"end":{"line":37,"column":null}},"line":34}},"branchMap":{"0":{"loc":{"start":{"line":3,"column":2},"end":{"line":3,"column":12}},"type":"default-arg","locations":[{"start":{"line":3,"column":10},"end":{"line":3,"column":12}}],"line":3},"1":{"loc":{"start":{"line":5,"column":2},"end":{"line":5,"column":14}},"type":"default-arg","locations":[{"start":{"line":5,"column":12},"end":{"line":5,"column":14}}],"line":5},"2":{"loc":{"start":{"line":10,"column":2},"end":{"line":13,"column":null}},"type":"if","locations":[{"start":{"line":10,"column":2},"end":{"line":13,"column":null}},{"start":{},"end":{}}],"line":10},"3":{"loc":{"start":{"line":25,"column":9},"end":{"line":37,"column":null}},"type":"cond-expr","locations":[{"start":{"line":25,"column":9},"end":{"line":29,"column":18}},{"start":{"line":29,"column":12},"end":{"line":37,"column":null}}],"line":25},"4":{"loc":{"start":{"line":29,"column":12},"end":{"line":37,"column":null}},"type":"cond-expr","locations":[{"start":{"line":29,"column":29},"end":{"line":34,"column":16}},{"start":{"line":34,"column":10},"end":{"line":37,"column":null}}],"line":29}},"s":{"0":2,"1":0,"2":0,"3":2,"4":8,"5":0},"f":{"0":2,"1":8,"2":0},"b":{"0":[2],"1":[2],"2":[0,2],"3":[1,1],"4":[1,0]},"meta":{"lastBranch":5,"lastFunction":3,"lastStatement":6,"seen":{"f:2:24:2:30":0,"b:3:10:3:12":0,"b:5:12:5:14":1,"b:10:2:13:Infinity:undefined:undefined:undefined:undefined":2,"s:10:2:13:Infinity":0,"s:11:4:11:Infinity":1,"s:12:4:12:Infinity":2,"s:15:2:37:Infinity":3,"f:19:23:19:24":1,"s:19:29:20:28":4,"b:25:9:29:18:29:12:37:Infinity":3,"b:29:29:34:16:34:10:37:Infinity":4,"f:34:20:34:21":2,"s:34:27:37:Infinity":5}}}
,"C:\\Trabajo\\TiendaClick\\Stock-SalesAPP\\Frontend\\TiendaClick\\src\\components\\dashboard\\ActionBox.jsx": {"path":"C:\\Trabajo\\TiendaClick\\Stock-SalesAPP\\Frontend\\TiendaClick\\src\\components\\dashboard\\ActionBox.jsx","statementMap":{"0":{"start":{"line":4,"column":18},"end":{"line":62,"column":null}},"1":{"start":{"line":5,"column":35},"end":{"line":5,"column":null}},"2":{"start":{"line":6,"column":27},"end":{"line":6,"column":51}},"3":{"start":{"line":7,"column":23},"end":{"line":7,"column":40}},"4":{"start":{"line":9,"column":25},"end":{"line":16,"column":null}},"5":{"start":{"line":20,"column":4},"end":{"line":57,"column":null}},"6":{"start":{"line":35,"column":47},"end":{"line":35,"column":null}}},"fnMap":{"0":{"name":"(anonymous_0)","decl":{"start":{"line":4,"column":18},"end":{"line":4,"column":19}},"loc":{"start":{"line":4,"column":79},"end":{"line":62,"column":null}},"line":4},"1":{"name":"(anonymous_1)","decl":{"start":{"line":35,"column":41},"end":{"line":35,"column":47}},"loc":{"start":{"line":35,"column":47},"end":{"line":35,"column":null}},"line":35}},"branchMap":{"0":{"loc":{"start":{"line":9,"column":25},"end":{"line":16,"column":null}},"type":"cond-expr","locations":[{"start":{"line":10,"column":10},"end":{"line":14,"column":null}},{"start":{"line":16,"column":10},"end":{"line":16,"column":null}}],"line":9},"1":{"loc":{"start":{"line":9,"column":25},"end":{"line":9,"column":null}},"type":"binary-expr","locations":[{"start":{"line":9,"column":25},"end":{"line":9,"column":51}},{"start":{"line":9,"column":51},"end":{"line":9,"column":null}}],"line":9},"2":{"loc":{"start":{"line":24,"column":25},"end":{"line":24,"column":null}},"type":"cond-expr","locations":[{"start":{"line":24,"column":50},"end":{"line":24,"column":56}},{"start":{"line":24,"column":56},"end":{"line":24,"column":null}}],"line":24},"3":{"loc":{"start":{"line":27,"column":21},"end":{"line":41,"column":null}},"type":"binary-expr","locations":[{"start":{"line":27,"column":21},"end":{"line":27,"column":null}},{"start":{"line":27,"column":21},"end":{"line":41,"column":null}}],"line":27},"4":{"loc":{"start":{"line":38,"column":33},"end":{"line":41,"column":null}},"type":"cond-expr","locations":[{"start":{"line":38,"column":33},"end":{"line":41,"column":37}},{"start":{"line":41,"column":36},"end":{"line":41,"column":null}}],"line":38},"5":{"loc":{"start":{"line":47,"column":21},"end":{"line":49,"column":null}},"type":"binary-expr","locations":[{"start":{"line":47,"column":21},"end":{"line":47,"column":null}},{"start":{"line":47,"column":21},"end":{"line":49,"column":null}}],"line":47},"6":{"loc":{"start":{"line":49,"column":29},"end":{"line":49,"column":null}},"type":"cond-expr","locations":[{"start":{"line":49,"column":41},"end":{"line":49,"column":59}},{"start":{"line":49,"column":62},"end":{"line":49,"column":null}}],"line":49}},"s":{"0":1,"1":16,"2":16,"3":16,"4":16,"5":16,"6":0},"f":{"0":16,"1":0},"b":{"0":[0,16],"1":[16,16],"2":[6,10],"3":[16,6],"4":[0,6],"5":[16,6],"6":[0,6]},"meta":{"lastBranch":7,"lastFunction":2,"lastStatement":7,"seen":{"s:4:18:62:Infinity":0,"f:4:18:4:19":0,"s:5:35:5:Infinity":1,"s:6:27:6:51":2,"s:7:23:7:40":3,"s:9:25:16:Infinity":4,"b:10:10:14:Infinity:16:10:16:Infinity":0,"b:9:25:9:51:9:51:9:Infinity":1,"s:20:4:57:Infinity":5,"b:24:50:24:56:24:56:24:Infinity":2,"b:27:21:27:Infinity:27:21:41:Infinity":3,"f:35:41:35:47":1,"s:35:47:35:Infinity":6,"b:38:33:41:37:41:36:41:Infinity":4,"b:47:21:47:Infinity:47:21:49:Infinity":5,"b:49:41:49:59:49:62:49:Infinity":6}}}
,"C:\\Trabajo\\TiendaClick\\Stock-SalesAPP\\Frontend\\TiendaClick\\src\\components\\dashboard\\Dashboard.jsx": {"path":"C:\\Trabajo\\TiendaClick\\Stock-SalesAPP\\Frontend\\TiendaClick\\src\\components\\dashboard\\Dashboard.jsx","statementMap":{"0":{"start":{"line":21,"column":29},"end":{"line":21,"column":null}},"1":{"start":{"line":22,"column":31},"end":{"line":22,"column":null}},"2":{"start":{"line":23,"column":27},"end":{"line":23,"column":null}},"3":{"start":{"line":24,"column":8},"end":{"line":24,"column":null}},"4":{"start":{"line":25,"column":16},"end":{"line":25,"column":null}},"5":{"start":{"line":26,"column":37},"end":{"line":26,"column":null}},"6":{"start":{"line":27,"column":39},"end":{"line":27,"column":null}},"7":{"start":{"line":30,"column":41},"end":{"line":30,"column":null}},"8":{"start":{"line":31,"column":34},"end":{"line":31,"column":null}},"9":{"start":{"line":32,"column":39},"end":{"line":32,"column":null}},"10":{"start":{"line":34,"column":18},"end":{"line":39,"column":null}},"11":{"start":{"line":41,"column":2},"end":{"line":53,"column":null}},"12":{"start":{"line":42,"column":25},"end":{"line":49,"column":null}},"13":{"start":{"line":43,"column":6},"end":{"line":43,"column":null}},"14":{"start":{"line":44,"column":6},"end":{"line":48,"column":null}},"15":{"start":{"line":45,"column":8},"end":{"line":45,"column":null}},"16":{"start":{"line":47,"column":8},"end":{"line":47,"column":null}},"17":{"start":{"line":50,"column":4},"end":{"line":50,"column":null}},"18":{"start":{"line":51,"column":4},"end":{"line":51,"column":null}},"19":{"start":{"line":52,"column":4},"end":{"line":52,"column":null}},"20":{"start":{"line":52,"column":17},"end":{"line":52,"column":null}},"21":{"start":{"line":55,"column":2},"end":{"line":98,"column":null}},"22":{"start":{"line":56,"column":25},"end":{"line":64,"column":null}},"23":{"start":{"line":57,"column":19},"end":{"line":57,"column":null}},"24":{"start":{"line":58,"column":6},"end":{"line":63,"column":null}},"25":{"start":{"line":59,"column":8},"end":{"line":59,"column":null}},"26":{"start":{"line":61,"column":8},"end":{"line":61,"column":null}},"27":{"start":{"line":62,"column":8},"end":{"line":62,"column":null}},"28":{"start":{"line":66,"column":33},"end":{"line":73,"column":null}},"29":{"start":{"line":67,"column":31},"end":{"line":67,"column":null}},"30":{"start":{"line":68,"column":6},"end":{"line":72,"column":null}},"31":{"start":{"line":69,"column":8},"end":{"line":69,"column":null}},"32":{"start":{"line":71,"column":8},"end":{"line":71,"column":null}},"33":{"start":{"line":75,"column":37},"end":{"line":83,"column":null}},"34":{"start":{"line":76,"column":35},"end":{"line":76,"column":null}},"35":{"start":{"line":78,"column":6},"end":{"line":82,"column":null}},"36":{"start":{"line":79,"column":8},"end":{"line":79,"column":null}},"37":{"start":{"line":81,"column":8},"end":{"line":81,"column":null}},"38":{"start":{"line":85,"column":36},"end":{"line":92,"column":null}},"39":{"start":{"line":86,"column":34},"end":{"line":86,"column":null}},"40":{"start":{"line":87,"column":6},"end":{"line":91,"column":null}},"41":{"start":{"line":88,"column":8},"end":{"line":88,"column":null}},"42":{"start":{"line":90,"column":8},"end":{"line":90,"column":null}},"43":{"start":{"line":94,"column":4},"end":{"line":94,"column":null}},"44":{"start":{"line":95,"column":4},"end":{"line":95,"column":null}},"45":{"start":{"line":96,"column":4},"end":{"line":96,"column":null}},"46":{"start":{"line":97,"column":4},"end":{"line":97,"column":null}},"47":{"start":{"line":100,"column":28},"end":{"line":106,"column":null}},"48":{"start":{"line":101,"column":24},"end":{"line":101,"column":null}},"49":{"start":{"line":102,"column":21},"end":{"line":102,"column":null}},"50":{"start":{"line":103,"column":4},"end":{"line":105,"column":null}},"51":{"start":{"line":104,"column":6},"end":{"line":104,"column":null}},"52":{"start":{"line":107,"column":2},"end":{"line":239,"column":null}},"53":{"start":{"line":216,"column":30},"end":{"line":216,"column":null}},"54":{"start":{"line":216,"column":53},"end":{"line":216,"column":null}}},"fnMap":{"0":{"name":"Dashboard","decl":{"start":{"line":20,"column":9},"end":{"line":20,"column":null}},"loc":{"start":{"line":20,"column":9},"end":{"line":250,"column":null}},"line":20},"1":{"name":"(anonymous_1)","decl":{"start":{"line":41,"column":12},"end":{"line":41,"column":null}},"loc":{"start":{"line":41,"column":12},"end":{"line":53,"column":5}},"line":41},"2":{"name":"(anonymous_2)","decl":{"start":{"line":42,"column":25},"end":{"line":42,"column":null}},"loc":{"start":{"line":42,"column":25},"end":{"line":49,"column":null}},"line":42},"3":{"name":"(anonymous_3)","decl":{"start":{"line":52,"column":11},"end":{"line":52,"column":17}},"loc":{"start":{"line":52,"column":17},"end":{"line":52,"column":null}},"line":52},"4":{"name":"(anonymous_4)","decl":{"start":{"line":55,"column":12},"end":{"line":55,"column":null}},"loc":{"start":{"line":55,"column":12},"end":{"line":98,"column":5}},"line":55},"5":{"name":"(anonymous_5)","decl":{"start":{"line":56,"column":25},"end":{"line":56,"column":null}},"loc":{"start":{"line":56,"column":25},"end":{"line":64,"column":null}},"line":56},"6":{"name":"(anonymous_6)","decl":{"start":{"line":66,"column":33},"end":{"line":66,"column":null}},"loc":{"start":{"line":66,"column":33},"end":{"line":73,"column":null}},"line":66},"7":{"name":"(anonymous_7)","decl":{"start":{"line":75,"column":37},"end":{"line":75,"column":null}},"loc":{"start":{"line":75,"column":37},"end":{"line":83,"column":null}},"line":75},"8":{"name":"(anonymous_8)","decl":{"start":{"line":85,"column":36},"end":{"line":85,"column":null}},"loc":{"start":{"line":85,"column":36},"end":{"line":92,"column":null}},"line":85},"9":{"name":"(anonymous_9)","decl":{"start":{"line":100,"column":28},"end":{"line":100,"column":null}},"loc":{"start":{"line":100,"column":28},"end":{"line":106,"column":null}},"line":100},"10":{"name":"(anonymous_10)","decl":{"start":{"line":215,"column":39},"end":{"line":215,"column":40}},"loc":{"start":{"line":215,"column":40},"end":{"line":217,"column":null}},"line":215}},"branchMap":{"0":{"loc":{"start":{"line":44,"column":6},"end":{"line":48,"column":null}},"type":"if","locations":[{"start":{"line":44,"column":6},"end":{"line":48,"column":null}},{"start":{"line":46,"column":13},"end":{"line":48,"column":null}}],"line":44},"1":{"loc":{"start":{"line":58,"column":6},"end":{"line":63,"column":null}},"type":"if","locations":[{"start":{"line":58,"column":6},"end":{"line":63,"column":null}},{"start":{"line":60,"column":13},"end":{"line":63,"column":null}}],"line":58},"2":{"loc":{"start":{"line":68,"column":6},"end":{"line":72,"column":null}},"type":"if","locations":[{"start":{"line":68,"column":6},"end":{"line":72,"column":null}},{"start":{"line":70,"column":13},"end":{"line":72,"column":null}}],"line":68},"3":{"loc":{"start":{"line":78,"column":6},"end":{"line":82,"column":null}},"type":"if","locations":[{"start":{"line":78,"column":6},"end":{"line":82,"column":null}},{"start":{"line":80,"column":13},"end":{"line":82,"column":null}}],"line":78},"4":{"loc":{"start":{"line":87,"column":6},"end":{"line":91,"column":null}},"type":"if","locations":[{"start":{"line":87,"column":6},"end":{"line":91,"column":null}},{"start":{"line":89,"column":13},"end":{"line":91,"column":null}}],"line":87},"5":{"loc":{"start":{"line":103,"column":4},"end":{"line":105,"column":null}},"type":"if","locations":[{"start":{"line":103,"column":4},"end":{"line":105,"column":null}},{"start":{},"end":{}}],"line":103},"6":{"loc":{"start":{"line":103,"column":8},"end":{"line":103,"column":43}},"type":"binary-expr","locations":[{"start":{"line":103,"column":8},"end":{"line":103,"column":28}},{"start":{"line":103,"column":28},"end":{"line":103,"column":43}}],"line":103},"7":{"loc":{"start":{"line":111,"column":11},"end":{"line":111,"column":null}},"type":"binary-expr","locations":[{"start":{"line":111,"column":11},"end":{"line":111,"column":26}},{"start":{"line":111,"column":11},"end":{"line":111,"column":null}}],"line":111},"8":{"loc":{"start":{"line":112,"column":11},"end":{"line":112,"column":null}},"type":"binary-expr","locations":[{"start":{"line":112,"column":11},"end":{"line":112,"column":26}},{"start":{"line":112,"column":11},"end":{"line":112,"column":null}}],"line":112},"9":{"loc":{"start":{"line":122,"column":20},"end":{"line":124,"column":null}},"type":"cond-expr","locations":[{"start":{"line":123,"column":24},"end":{"line":123,"column":null}},{"start":{"line":124,"column":24},"end":{"line":124,"column":null}}],"line":122},"10":{"loc":{"start":{"line":134,"column":20},"end":{"line":136,"column":null}},"type":"cond-expr","locations":[{"start":{"line":135,"column":24},"end":{"line":135,"column":null}},{"start":{"line":136,"column":24},"end":{"line":136,"column":null}}],"line":134},"11":{"loc":{"start":{"line":146,"column":20},"end":{"line":148,"column":null}},"type":"cond-expr","locations":[{"start":{"line":147,"column":24},"end":{"line":147,"column":null}},{"start":{"line":148,"column":24},"end":{"line":148,"column":null}}],"line":146},"12":{"loc":{"start":{"line":158,"column":20},"end":{"line":160,"column":null}},"type":"cond-expr","locations":[{"start":{"line":159,"column":24},"end":{"line":159,"column":null}},{"start":{"line":160,"column":24},"end":{"line":160,"column":null}}],"line":158},"13":{"loc":{"start":{"line":166,"column":29},"end":{"line":166,"column":132}},"type":"cond-expr","locations":[{"start":{"line":166,"column":76},"end":{"line":166,"column":120}},{"start":{"line":166,"column":123},"end":{"line":166,"column":132}}],"line":166},"14":{"loc":{"start":{"line":172,"column":29},"end":{"line":172,"column":136}},"type":"cond-expr","locations":[{"start":{"line":172,"column":78},"end":{"line":172,"column":124}},{"start":{"line":172,"column":127},"end":{"line":172,"column":136}}],"line":172},"15":{"loc":{"start":{"line":178,"column":29},"end":{"line":178,"column":134}},"type":"cond-expr","locations":[{"start":{"line":178,"column":77},"end":{"line":178,"column":122}},{"start":{"line":178,"column":125},"end":{"line":178,"column":134}}],"line":178},"16":{"loc":{"start":{"line":184,"column":29},"end":{"line":184,"column":140}},"type":"cond-expr","locations":[{"start":{"line":184,"column":80},"end":{"line":184,"column":128}},{"start":{"line":184,"column":131},"end":{"line":184,"column":140}}],"line":184},"17":{"loc":{"start":{"line":216,"column":30},"end":{"line":216,"column":null}},"type":"if","locations":[{"start":{"line":216,"column":30},"end":{"line":216,"column":null}},{"start":{},"end":{}}],"line":216}},"s":{"0":2,"1":2,"2":2,"3":2,"4":2,"5":2,"6":2,"7":2,"8":2,"9":2,"10":2,"11":2,"12":1,"13":0,"14":0,"15":0,"16":0,"17":1,"18":1,"19":1,"20":1,"21":2,"22":1,"23":1,"24":0,"25":0,"26":0,"27":0,"28":1,"29":1,"30":0,"31":0,"32":0,"33":1,"34":1,"35":0,"36":0,"37":0,"38":1,"39":1,"40":0,"41":0,"42":0,"43":1,"44":1,"45":1,"46":1,"47":2,"48":0,"49":0,"50":0,"51":0,"52":2,"53":0,"54":0},"f":{"0":2,"1":1,"2":0,"3":1,"4":1,"5":1,"6":1,"7":1,"8":1,"9":0,"10":0},"b":{"0":[0,0],"1":[0,0],"2":[0,0],"3":[0,0],"4":[0,0],"5":[0,0],"6":[0,0],"7":[2,2],"8":[2,2],"9":[0,2],"10":[0,2],"11":[0,2],"12":[0,2],"13":[0,2],"14":[0,2],"15":[0,2],"16":[0,2],"17":[0,0]},"meta":{"lastBranch":18,"lastFunction":11,"lastStatement":55,"seen":{"f:20:9:20:Infinity":0,"s:21:29:21:Infinity":0,"s:22:31:22:Infinity":1,"s:23:27:23:Infinity":2,"s:24:8:24:Infinity":3,"s:25:16:25:Infinity":4,"s:26:37:26:Infinity":5,"s:27:39:27:Infinity":6,"s:30:41:30:Infinity":7,"s:31:34:31:Infinity":8,"s:32:39:32:Infinity":9,"s:34:18:39:Infinity":10,"s:41:2:53:Infinity":11,"f:41:12:41:Infinity":1,"s:42:25:49:Infinity":12,"f:42:25:42:Infinity":2,"s:43:6:43:Infinity":13,"b:44:6:48:Infinity:46:13:48:Infinity":0,"s:44:6:48:Infinity":14,"s:45:8:45:Infinity":15,"s:47:8:47:Infinity":16,"s:50:4:50:Infinity":17,"s:51:4:51:Infinity":18,"s:52:4:52:Infinity":19,"f:52:11:52:17":3,"s:52:17:52:Infinity":20,"s:55:2:98:Infinity":21,"f:55:12:55:Infinity":4,"s:56:25:64:Infinity":22,"f:56:25:56:Infinity":5,"s:57:19:57:Infinity":23,"b:58:6:63:Infinity:60:13:63:Infinity":1,"s:58:6:63:Infinity":24,"s:59:8:59:Infinity":25,"s:61:8:61:Infinity":26,"s:62:8:62:Infinity":27,"s:66:33:73:Infinity":28,"f:66:33:66:Infinity":6,"s:67:31:67:Infinity":29,"b:68:6:72:Infinity:70:13:72:Infinity":2,"s:68:6:72:Infinity":30,"s:69:8:69:Infinity":31,"s:71:8:71:Infinity":32,"s:75:37:83:Infinity":33,"f:75:37:75:Infinity":7,"s:76:35:76:Infinity":34,"b:78:6:82:Infinity:80:13:82:Infinity":3,"s:78:6:82:Infinity":35,"s:79:8:79:Infinity":36,"s:81:8:81:Infinity":37,"s:85:36:92:Infinity":38,"f:85:36:85:Infinity":8,"s:86:34:86:Infinity":39,"b:87:6:91:Infinity:89:13:91:Infinity":4,"s:87:6:91:Infinity":40,"s:88:8:88:Infinity":41,"s:90:8:90:Infinity":42,"s:94:4:94:Infinity":43,"s:95:4:95:Infinity":44,"s:96:4:96:Infinity":45,"s:97:4:97:Infinity":46,"s:100:28:106:Infinity":47,"f:100:28:100:Infinity":9,"s:101:24:101:Infinity":48,"s:102:21:102:Infinity":49,"b:103:4:105:Infinity:undefined:undefined:undefined:undefined":5,"s:103:4:105:Infinity":50,"b:103:8:103:28:103:28:103:43":6,"s:104:6:104:Infinity":51,"s:107:2:239:Infinity":52,"b:111:11:111:26:111:11:111:Infinity":7,"b:112:11:112:26:112:11:112:Infinity":8,"b:123:24:123:Infinity:124:24:124:Infinity":9,"b:135:24:135:Infinity:136:24:136:Infinity":10,"b:147:24:147:Infinity:148:24:148:Infinity":11,"b:159:24:159:Infinity:160:24:160:Infinity":12,"b:166:76:166:120:166:123:166:132":13,"b:172:78:172:124:172:127:172:136":14,"b:178:77:178:122:178:125:178:134":15,"b:184:80:184:128:184:131:184:140":16,"f:215:39:215:40":10,"b:216:30:216:Infinity:undefined:undefined:undefined:undefined":17,"s:216:30:216:Infinity":53,"s:216:53:216:Infinity":54}}}
,"C:\\Trabajo\\TiendaClick\\Stock-SalesAPP\\Frontend\\TiendaClick\\src\\components\\dashboard\\DashboardHeader.jsx": {"path":"C:\\Trabajo\\TiendaClick\\Stock-SalesAPP\\Frontend\\TiendaClick\\src\\components\\dashboard\\DashboardHeader.jsx","statementMap":{"0":{"start":{"line":5,"column":30},"end":{"line":5,"column":null}},"1":{"start":{"line":6,"column":2},"end":{"line":10,"column":null}}},"fnMap":{"0":{"name":"DashboardHeader","decl":{"start":{"line":4,"column":9},"end":{"line":4,"column":25}},"loc":{"start":{"line":4,"column":47},"end":{"line":15,"column":null}},"line":4}},"branchMap":{},"s":{"0":2,"1":2},"f":{"0":2},"b":{},"meta":{"lastBranch":0,"lastFunction":1,"lastStatement":2,"seen":{"f:4:9:4:25":0,"s:5:30:5:Infinity":0,"s:6:2:10:Infinity":1}}}
,"C:\\Trabajo\\TiendaClick\\Stock-SalesAPP\\Frontend\\TiendaClick\\src\\components\\global\\TitleDropdown.jsx": {"path":"C:\\Trabajo\\TiendaClick\\Stock-SalesAPP\\Frontend\\TiendaClick\\src\\components\\global\\TitleDropdown.jsx","statementMap":{"0":{"start":{"line":7,"column":22},"end":{"line":18,"column":null}},"1":{"start":{"line":20,"column":26},"end":{"line":25,"column":null}},"2":{"start":{"line":21,"column":33},"end":{"line":21,"column":null}},"3":{"start":{"line":24,"column":28},"end":{"line":24,"column":null}},"4":{"start":{"line":28,"column":8},"end":{"line":28,"column":null}},"5":{"start":{"line":29,"column":24},"end":{"line":29,"column":null}},"6":{"start":{"line":31,"column":18},"end":{"line":31,"column":null}},"7":{"start":{"line":33,"column":23},"end":{"line":33,"column":null}},"8":{"start":{"line":33,"column":43},"end":{"line":33,"column":null}},"9":{"start":{"line":34,"column":23},"end":{"line":34,"column":null}},"10":{"start":{"line":34,"column":45},"end":{"line":34,"column":null}},"11":{"start":{"line":36,"column":24},"end":{"line":43,"column":null}},"12":{"start":{"line":37,"column":23},"end":{"line":37,"column":54}},"13":{"start":{"line":38,"column":4},"end":{"line":38,"column":null}},"14":{"start":{"line":38,"column":26},"end":{"line":38,"column":null}},"15":{"start":{"line":40,"column":22},"end":{"line":40,"column":null}},"16":{"start":{"line":41,"column":22},"end":{"line":41,"column":null}},"17":{"start":{"line":42,"column":4},"end":{"line":42,"column":null}},"18":{"start":{"line":45,"column":2},"end":{"line":45,"column":null}},"19":{"start":{"line":45,"column":20},"end":{"line":45,"column":null}},"20":{"start":{"line":47,"column":23},"end":{"line":56,"column":null}},"21":{"start":{"line":48,"column":4},"end":{"line":48,"column":null}},"22":{"start":{"line":48,"column":18},"end":{"line":48,"column":null}},"23":{"start":{"line":49,"column":4},"end":{"line":55,"column":null}},"24":{"start":{"line":50,"column":6},"end":{"line":50,"column":null}},"25":{"start":{"line":51,"column":6},"end":{"line":51,"column":null}},"26":{"start":{"line":53,"column":6},"end":{"line":53,"column":null}},"27":{"start":{"line":53,"column":20},"end":{"line":53,"column":null}},"28":{"start":{"line":54,"column":6},"end":{"line":54,"column":null}},"29":{"start":{"line":58,"column":2},"end":{"line":84,"column":null}},"30":{"start":{"line":71,"column":12},"end":{"line":71,"column":null}},"31":{"start":{"line":72,"column":10},"end":{"line":74,"column":null}},"32":{"start":{"line":75,"column":29},"end":{"line":75,"column":null}}},"fnMap":{"0":{"name":"(anonymous_0)","decl":{"start":{"line":21,"column":26},"end":{"line":21,"column":33}},"loc":{"start":{"line":21,"column":33},"end":{"line":21,"column":null}},"line":21},"1":{"name":"(anonymous_1)","decl":{"start":{"line":24,"column":21},"end":{"line":24,"column":28}},"loc":{"start":{"line":24,"column":28},"end":{"line":24,"column":null}},"line":24},"2":{"name":"TitleDropdown","decl":{"start":{"line":27,"column":24},"end":{"line":27,"column":38}},"loc":{"start":{"line":27,"column":77},"end":{"line":88,"column":null}},"line":27},"3":{"name":"(anonymous_3)","decl":{"start":{"line":33,"column":36},"end":{"line":33,"column":43}},"loc":{"start":{"line":33,"column":43},"end":{"line":33,"column":null}},"line":33},"4":{"name":"(anonymous_4)","decl":{"start":{"line":34,"column":38},"end":{"line":34,"column":45}},"loc":{"start":{"line":34,"column":45},"end":{"line":34,"column":null}},"line":34},"5":{"name":"(anonymous_5)","decl":{"start":{"line":36,"column":47},"end":{"line":36,"column":48}},"loc":{"start":{"line":36,"column":51},"end":{"line":43,"column":null}},"line":36},"6":{"name":"(anonymous_6)","decl":{"start":{"line":47,"column":23},"end":{"line":47,"column":24}},"loc":{"start":{"line":47,"column":37},"end":{"line":56,"column":null}},"line":47},"7":{"name":"(anonymous_7)","decl":{"start":{"line":69,"column":27},"end":{"line":69,"column":28}},"loc":{"start":{"line":69,"column":28},"end":{"line":84,"column":null}},"line":69},"8":{"name":"(anonymous_8)","decl":{"start":{"line":75,"column":23},"end":{"line":75,"column":29}},"loc":{"start":{"line":75,"column":29},"end":{"line":75,"column":null}},"line":75}},"branchMap":{"0":{"loc":{"start":{"line":31,"column":18},"end":{"line":31,"column":null}},"type":"cond-expr","locations":[{"start":{"line":31,"column":32},"end":{"line":31,"column":52}},{"start":{"line":31,"column":52},"end":{"line":31,"column":null}}],"line":31},"1":{"loc":{"start":{"line":38,"column":4},"end":{"line":38,"column":null}},"type":"if","locations":[{"start":{"line":38,"column":4},"end":{"line":38,"column":null}},{"start":{},"end":{}}],"line":38},"2":{"loc":{"start":{"line":40,"column":22},"end":{"line":40,"column":null}},"type":"binary-expr","locations":[{"start":{"line":40,"column":22},"end":{"line":40,"column":34}},{"start":{"line":40,"column":38},"end":{"line":40,"column":null}}],"line":40},"3":{"loc":{"start":{"line":41,"column":22},"end":{"line":41,"column":null}},"type":"binary-expr","locations":[{"start":{"line":41,"column":22},"end":{"line":41,"column":34}},{"start":{"line":41,"column":38},"end":{"line":41,"column":null}}],"line":41},"4":{"loc":{"start":{"line":42,"column":11},"end":{"line":42,"column":null}},"type":"cond-expr","locations":[{"start":{"line":42,"column":37},"end":{"line":42,"column":41}},{"start":{"line":42,"column":41},"end":{"line":42,"column":null}}],"line":42},"5":{"loc":{"start":{"line":42,"column":41},"end":{"line":42,"column":null}},"type":"cond-expr","locations":[{"start":{"line":42,"column":53},"end":{"line":42,"column":58}},{"start":{"line":42,"column":58},"end":{"line":42,"column":null}}],"line":42},"6":{"loc":{"start":{"line":45,"column":2},"end":{"line":45,"column":null}},"type":"if","locations":[{"start":{"line":45,"column":2},"end":{"line":45,"column":null}},{"start":{},"end":{}}],"line":45},"7":{"loc":{"start":{"line":48,"column":4},"end":{"line":48,"column":null}},"type":"if","locations":[{"start":{"line":48,"column":4},"end":{"line":48,"column":null}},{"start":{},"end":{}}],"line":48},"8":{"loc":{"start":{"line":49,"column":4},"end":{"line":55,"column":null}},"type":"if","locations":[{"start":{"line":49,"column":4},"end":{"line":55,"column":null}},{"start":{"line":52,"column":11},"end":{"line":55,"column":null}}],"line":49},"9":{"loc":{"start":{"line":53,"column":6},"end":{"line":53,"column":null}},"type":"if","locations":[{"start":{"line":53,"column":6},"end":{"line":53,"column":null}},{"start":{},"end":{}}],"line":53},"10":{"loc":{"start":{"line":71,"column":12},"end":{"line":71,"column":null}},"type":"binary-expr","locations":[{"start":{"line":71,"column":12},"end":{"line":71,"column":26}},{"start":{"line":71,"column":30},"end":{"line":71,"column":null}}],"line":71},"11":{"loc":{"start":{"line":76,"column":28},"end":{"line":76,"column":61}},"type":"cond-expr","locations":[{"start":{"line":76,"column":39},"end":{"line":76,"column":58}},{"start":{"line":76,"column":58},"end":{"line":76,"column":61}}],"line":76},"12":{"loc":{"start":{"line":76,"column":64},"end":{"line":76,"column":null}},"type":"cond-expr","locations":[{"start":{"line":76,"column":96},"end":{"line":76,"column":112}},{"start":{"line":76,"column":112},"end":{"line":76,"column":null}}],"line":76},"13":{"loc":{"start":{"line":78,"column":30},"end":{"line":78,"column":64}},"type":"cond-expr","locations":[{"start":{"line":78,"column":41},"end":{"line":78,"column":53}},{"start":{"line":78,"column":53},"end":{"line":78,"column":64}}],"line":78},"14":{"loc":{"start":{"line":78,"column":81},"end":{"line":78,"column":114}},"type":"cond-expr","locations":[{"start":{"line":78,"column":92},"end":{"line":78,"column":104}},{"start":{"line":78,"column":104},"end":{"line":78,"column":114}}],"line":78},"15":{"loc":{"start":{"line":81,"column":27},"end":{"line":81,"column":null}},"type":"binary-expr","locations":[{"start":{"line":81,"column":27},"end":{"line":81,"column":39}},{"start":{"line":81,"column":27},"end":{"line":81,"column":null}}],"line":81}},"s":{"0":1,"1":1,"2":9,"3":6,"4":2,"5":2,"6":2,"7":2,"8":22,"9":2,"10":22,"11":2,"12":44,"13":44,"14":40,"15":4,"16":44,"17":44,"18":2,"19":2,"20":2,"21":0,"22":0,"23":0,"24":0,"25":0,"26":0,"27":0,"28":0,"29":2,"30":22,"31":22,"32":0},"f":{"0":9,"1":6,"2":2,"3":22,"4":22,"5":44,"6":0,"7":22,"8":0},"b":{"0":[2,0],"1":[40,4],"2":[4,2],"3":[44,4],"4":[2,2],"5":[0,2],"6":[2,0],"7":[0,0],"8":[0,0],"9":[0,0],"10":[22,16],"11":[0,22],"12":[2,20],"13":[0,22],"14":[0,22],"15":[22,0]},"meta":{"lastBranch":16,"lastFunction":9,"lastStatement":33,"seen":{"s:7:22:18:Infinity":0,"s:20:26:25:Infinity":1,"f:21:26:21:33":0,"s:21:33:21:Infinity":2,"f:24:21:24:28":1,"s:24:28:24:Infinity":3,"f:27:24:27:38":2,"s:28:8:28:Infinity":4,"s:29:24:29:Infinity":5,"s:31:18:31:Infinity":6,"b:31:32:31:52:31:52:31:Infinity":0,"s:33:23:33:Infinity":7,"f:33:36:33:43":3,"s:33:43:33:Infinity":8,"s:34:23:34:Infinity":9,"f:34:38:34:45":4,"s:34:45:34:Infinity":10,"s:36:24:43:Infinity":11,"f:36:47:36:48":5,"s:37:23:37:54":12,"b:38:4:38:Infinity:undefined:undefined:undefined:undefined":1,"s:38:4:38:Infinity":13,"s:38:26:38:Infinity":14,"s:40:22:40:Infinity":15,"b:40:22:40:34:40:38:40:Infinity":2,"s:41:22:41:Infinity":16,"b:41:22:41:34:41:38:41:Infinity":3,"s:42:4:42:Infinity":17,"b:42:37:42:41:42:41:42:Infinity":4,"b:42:53:42:58:42:58:42:Infinity":5,"b:45:2:45:Infinity:undefined:undefined:undefined:undefined":6,"s:45:2:45:Infinity":18,"s:45:20:45:Infinity":19,"s:47:23:56:Infinity":20,"f:47:23:47:24":6,"b:48:4:48:Infinity:undefined:undefined:undefined:undefined":7,"s:48:4:48:Infinity":21,"s:48:18:48:Infinity":22,"b:49:4:55:Infinity:52:11:55:Infinity":8,"s:49:4:55:Infinity":23,"s:50:6:50:Infinity":24,"s:51:6:51:Infinity":25,"b:53:6:53:Infinity:undefined:undefined:undefined:undefined":9,"s:53:6:53:Infinity":26,"s:53:20:53:Infinity":27,"s:54:6:54:Infinity":28,"s:58:2:84:Infinity":29,"f:69:27:69:28":7,"s:71:12:71:Infinity":30,"b:71:12:71:26:71:30:71:Infinity":10,"s:72:10:74:Infinity":31,"f:75:23:75:29":8,"s:75:29:75:Infinity":32,"b:76:39:76:58:76:58:76:61":11,"b:76:96:76:112:76:112:76:Infinity":12,"b:78:41:78:53:78:53:78:64":13,"b:78:92:78:104:78:104:78:114":14,"b:81:27:81:39:81:27:81:Infinity":15}}}
,"C:\\Trabajo\\TiendaClick\\Stock-SalesAPP\\Frontend\\TiendaClick\\src\\components\\notifications\\Notifications.jsx": {"path":"C:\\Trabajo\\TiendaClick\\Stock-SalesAPP\\Frontend\\TiendaClick\\src\\components\\notifications\\Notifications.jsx","statementMap":{"0":{"start":{"line":8,"column":16},"end":{"line":8,"column":null}},"1":{"start":{"line":9,"column":41},"end":{"line":9,"column":null}},"2":{"start":{"line":10,"column":29},"end":{"line":10,"column":null}},"3":{"start":{"line":11,"column":25},"end":{"line":11,"column":null}},"4":{"start":{"line":12,"column":33},"end":{"line":12,"column":null}},"5":{"start":{"line":14,"column":21},"end":{"line":17,"column":null}},"6":{"start":{"line":15,"column":4},"end":{"line":15,"column":null}},"7":{"start":{"line":15,"column":20},"end":{"line":15,"column":null}},"8":{"start":{"line":16,"column":4},"end":{"line":16,"column":null}},"9":{"start":{"line":19,"column":2},"end":{"line":41,"column":null}},"10":{"start":{"line":21,"column":6},"end":{"line":21,"column":null}},"11":{"start":{"line":22,"column":6},"end":{"line":22,"column":null}},"12":{"start":{"line":25,"column":8},"end":{"line":27,"column":null}},"13":{"start":{"line":29,"column":18},"end":{"line":29,"column":null}},"14":{"start":{"line":31,"column":6},"end":{"line":35,"column":null}},"15":{"start":{"line":32,"column":8},"end":{"line":32,"column":null}},"16":{"start":{"line":34,"column":8},"end":{"line":34,"column":null}},"17":{"start":{"line":37,"column":6},"end":{"line":37,"column":null}},"18":{"start":{"line":40,"column":4},"end":{"line":40,"column":null}},"19":{"start":{"line":44,"column":16},"end":{"line":44,"column":null}},"20":{"start":{"line":46,"column":4},"end":{"line":48,"column":null}},"21":{"start":{"line":47,"column":6},"end":{"line":47,"column":null}},"22":{"start":{"line":47,"column":31},"end":{"line":47,"column":null}},"23":{"start":{"line":47,"column":48},"end":{"line":47,"column":null}},"24":{"start":{"line":52,"column":4},"end":{"line":58,"column":null}},"25":{"start":{"line":53,"column":6},"end":{"line":55,"column":null}},"26":{"start":{"line":60,"column":4},"end":{"line":66,"column":null}},"27":{"start":{"line":61,"column":6},"end":{"line":63,"column":null}},"28":{"start":{"line":68,"column":4},"end":{"line":74,"column":null}},"29":{"start":{"line":69,"column":6},"end":{"line":71,"column":null}},"30":{"start":{"line":76,"column":4},"end":{"line":82,"column":null}},"31":{"start":{"line":77,"column":6},"end":{"line":79,"column":null}},"32":{"start":{"line":84,"column":4},"end":{"line":84,"column":null}},"33":{"start":{"line":89,"column":4},"end":{"line":89,"column":null}},"34":{"start":{"line":89,"column":31},"end":{"line":89,"column":null}},"35":{"start":{"line":90,"column":4},"end":{"line":90,"column":null}},"36":{"start":{"line":90,"column":32},"end":{"line":90,"column":null}},"37":{"start":{"line":91,"column":4},"end":{"line":91,"column":null}},"38":{"start":{"line":91,"column":27},"end":{"line":91,"column":null}},"39":{"start":{"line":92,"column":4},"end":{"line":92,"column":null}},"40":{"start":{"line":92,"column":29},"end":{"line":92,"column":null}},"41":{"start":{"line":93,"column":4},"end":{"line":93,"column":null}},"42":{"start":{"line":96,"column":2},"end":{"line":96,"column":null}},"43":{"start":{"line":96,"column":15},"end":{"line":96,"column":null}},"44":{"start":{"line":97,"column":2},"end":{"line":97,"column":null}},"45":{"start":{"line":97,"column":13},"end":{"line":97,"column":null}},"46":{"start":{"line":99,"column":2},"end":{"line":138,"column":null}},"47":{"start":{"line":110,"column":27},"end":{"line":110,"column":null}},"48":{"start":{"line":119,"column":27},"end":{"line":119,"column":null}},"49":{"start":{"line":136,"column":30},"end":{"line":138,"column":null}},"50":{"start":{"line":168,"column":37},"end":{"line":168,"column":null}}},"fnMap":{"0":{"name":"Notifications","decl":{"start":{"line":7,"column":24},"end":{"line":7,"column":null}},"loc":{"start":{"line":7,"column":24},"end":{"line":182,"column":null}},"line":7},"1":{"name":"(anonymous_1)","decl":{"start":{"line":14,"column":21},"end":{"line":14,"column":22}},"loc":{"start":{"line":14,"column":22},"end":{"line":17,"column":null}},"line":14},"2":{"name":"(anonymous_2)","decl":{"start":{"line":19,"column":12},"end":{"line":19,"column":null}},"loc":{"start":{"line":19,"column":12},"end":{"line":41,"column":5}},"line":19},"3":{"name":"loadNotifications","decl":{"start":{"line":20,"column":19},"end":{"line":20,"column":null}},"loc":{"start":{"line":20,"column":19},"end":{"line":38,"column":null}},"line":20},"4":{"name":"handleMarkAsSeen","decl":{"start":{"line":43,"column":17},"end":{"line":43,"column":34}},"loc":{"start":{"line":43,"column":36},"end":{"line":49,"column":null}},"line":43},"5":{"name":"(anonymous_5)","decl":{"start":{"line":47,"column":23},"end":{"line":47,"column":31}},"loc":{"start":{"line":47,"column":31},"end":{"line":47,"column":null}},"line":47},"6":{"name":"(anonymous_6)","decl":{"start":{"line":47,"column":43},"end":{"line":47,"column":48}},"loc":{"start":{"line":47,"column":48},"end":{"line":47,"column":null}},"line":47},"7":{"name":"getIcon","decl":{"start":{"line":51,"column":11},"end":{"line":51,"column":19}},"loc":{"start":{"line":51,"column":26},"end":{"line":85,"column":null}},"line":51},"8":{"name":"getBorderColor","decl":{"start":{"line":88,"column":11},"end":{"line":88,"column":26}},"loc":{"start":{"line":88,"column":33},"end":{"line":94,"column":null}},"line":88},"9":{"name":"(anonymous_9)","decl":{"start":{"line":110,"column":21},"end":{"line":110,"column":27}},"loc":{"start":{"line":110,"column":27},"end":{"line":110,"column":null}},"line":110},"10":{"name":"(anonymous_10)","decl":{"start":{"line":119,"column":21},"end":{"line":119,"column":27}},"loc":{"start":{"line":119,"column":27},"end":{"line":119,"column":null}},"line":119},"11":{"name":"(anonymous_11)","decl":{"start":{"line":136,"column":30},"end":{"line":136,"column":null}},"loc":{"start":{"line":136,"column":30},"end":{"line":138,"column":null}},"line":136},"12":{"name":"(anonymous_12)","decl":{"start":{"line":168,"column":31},"end":{"line":168,"column":37}},"loc":{"start":{"line":168,"column":37},"end":{"line":168,"column":null}},"line":168}},"branchMap":{"0":{"loc":{"start":{"line":15,"column":4},"end":{"line":15,"column":null}},"type":"if","locations":[{"start":{"line":15,"column":4},"end":{"line":15,"column":null}},{"start":{},"end":{}}],"line":15},"1":{"loc":{"start":{"line":25,"column":8},"end":{"line":27,"column":null}},"type":"cond-expr","locations":[{"start":{"line":26,"column":12},"end":{"line":26,"column":null}},{"start":{"line":27,"column":12},"end":{"line":27,"column":null}}],"line":25},"2":{"loc":{"start":{"line":31,"column":6},"end":{"line":35,"column":null}},"type":"if","locations":[{"start":{"line":31,"column":6},"end":{"line":35,"column":null}},{"start":{"line":33,"column":13},"end":{"line":35,"column":null}}],"line":31},"3":{"loc":{"start":{"line":34,"column":25},"end":{"line":34,"column":39}},"type":"binary-expr","locations":[{"start":{"line":34,"column":25},"end":{"line":34,"column":33}},{"start":{"line":34,"column":37},"end":{"line":34,"column":39}}],"line":34},"4":{"loc":{"start":{"line":46,"column":4},"end":{"line":48,"column":null}},"type":"if","locations":[{"start":{"line":46,"column":4},"end":{"line":48,"column":null}},{"start":{},"end":{}}],"line":46},"5":{"loc":{"start":{"line":46,"column":8},"end":{"line":46,"column":47}},"type":"binary-expr","locations":[{"start":{"line":46,"column":8},"end":{"line":46,"column":19}},{"start":{"line":46,"column":23},"end":{"line":46,"column":47}}],"line":46},"6":{"loc":{"start":{"line":52,"column":4},"end":{"line":58,"column":null}},"type":"if","locations":[{"start":{"line":52,"column":4},"end":{"line":58,"column":null}},{"start":{},"end":{}}],"line":52},"7":{"loc":{"start":{"line":60,"column":4},"end":{"line":66,"column":null}},"type":"if","locations":[{"start":{"line":60,"column":4},"end":{"line":66,"column":null}},{"start":{},"end":{}}],"line":60},"8":{"loc":{"start":{"line":68,"column":4},"end":{"line":74,"column":null}},"type":"if","locations":[{"start":{"line":68,"column":4},"end":{"line":74,"column":null}},{"start":{},"end":{}}],"line":68},"9":{"loc":{"start":{"line":76,"column":4},"end":{"line":82,"column":null}},"type":"if","locations":[{"start":{"line":76,"column":4},"end":{"line":82,"column":null}},{"start":{},"end":{}}],"line":76},"10":{"loc":{"start":{"line":89,"column":4},"end":{"line":89,"column":null}},"type":"if","locations":[{"start":{"line":89,"column":4},"end":{"line":89,"column":null}},{"start":{},"end":{}}],"line":89},"11":{"loc":{"start":{"line":90,"column":4},"end":{"line":90,"column":null}},"type":"if","locations":[{"start":{"line":90,"column":4},"end":{"line":90,"column":null}},{"start":{},"end":{}}],"line":90},"12":{"loc":{"start":{"line":91,"column":4},"end":{"line":91,"column":null}},"type":"if","locations":[{"start":{"line":91,"column":4},"end":{"line":91,"column":null}},{"start":{},"end":{}}],"line":91},"13":{"loc":{"start":{"line":92,"column":4},"end":{"line":92,"column":null}},"type":"if","locations":[{"start":{"line":92,"column":4},"end":{"line":92,"column":null}},{"start":{},"end":{}}],"line":92},"14":{"loc":{"start":{"line":96,"column":2},"end":{"line":96,"column":null}},"type":"if","locations":[{"start":{"line":96,"column":2},"end":{"line":96,"column":null}},{"start":{},"end":{}}],"line":96},"15":{"loc":{"start":{"line":97,"column":2},"end":{"line":97,"column":null}},"type":"if","locations":[{"start":{"line":97,"column":2},"end":{"line":97,"column":null}},{"start":{},"end":{}}],"line":97},"16":{"loc":{"start":{"line":108,"column":14},"end":{"line":108,"column":null}},"type":"cond-expr","locations":[{"start":{"line":108,"column":39},"end":{"line":108,"column":54}},{"start":{"line":108,"column":54},"end":{"line":108,"column":null}}],"line":108},"17":{"loc":{"start":{"line":117,"column":14},"end":{"line":117,"column":null}},"type":"cond-expr","locations":[{"start":{"line":117,"column":37},"end":{"line":117,"column":52}},{"start":{"line":117,"column":52},"end":{"line":117,"column":null}}],"line":117},"18":{"loc":{"start":{"line":129,"column":11},"end":{"line":138,"column":null}},"type":"cond-expr","locations":[{"start":{"line":129,"column":36},"end":{"line":136,"column":26}},{"start":{"line":136,"column":12},"end":{"line":138,"column":null}}],"line":129},"19":{"loc":{"start":{"line":131,"column":15},"end":{"line":133,"column":null}},"type":"cond-expr","locations":[{"start":{"line":132,"column":18},"end":{"line":132,"column":null}},{"start":{"line":133,"column":18},"end":{"line":133,"column":null}}],"line":131},"20":{"loc":{"start":{"line":155,"column":21},"end":{"line":159,"column":null}},"type":"binary-expr","locations":[{"start":{"line":155,"column":21},"end":{"line":155,"column":44}},{"start":{"line":155,"column":44},"end":{"line":159,"column":null}}],"line":155},"21":{"loc":{"start":{"line":158,"column":27},"end":{"line":158,"column":null}},"type":"cond-expr","locations":[{"start":{"line":158,"column":50},"end":{"line":158,"column":66}},{"start":{"line":158,"column":66},"end":{"line":158,"column":null}}],"line":158},"22":{"loc":{"start":{"line":165,"column":19},"end":{"line":171,"column":null}},"type":"binary-expr","locations":[{"start":{"line":165,"column":19},"end":{"line":165,"column":null}},{"start":{"line":165,"column":33},"end":{"line":171,"column":null}}],"line":165}},"s":{"0":2,"1":2,"2":2,"3":2,"4":2,"5":2,"6":0,"7":0,"8":0,"9":2,"10":1,"11":1,"12":1,"13":1,"14":0,"15":0,"16":0,"17":0,"18":1,"19":0,"20":0,"21":0,"22":0,"23":0,"24":0,"25":0,"26":0,"27":0,"28":0,"29":0,"30":0,"31":0,"32":0,"33":0,"34":0,"35":0,"36":0,"37":0,"38":0,"39":0,"40":0,"41":0,"42":2,"43":2,"44":0,"45":0,"46":0,"47":0,"48":0,"49":0,"50":0},"f":{"0":2,"1":0,"2":1,"3":1,"4":0,"5":0,"6":0,"7":0,"8":0,"9":0,"10":0,"11":0,"12":0},"b":{"0":[0,0],"1":[1,0],"2":[0,0],"3":[0,0],"4":[0,0],"5":[0,0],"6":[0,0],"7":[0,0],"8":[0,0],"9":[0,0],"10":[0,0],"11":[0,0],"12":[0,0],"13":[0,0],"14":[2,0],"15":[0,0],"16":[0,0],"17":[0,0],"18":[0,0],"19":[0,0],"20":[0,0],"21":[0,0],"22":[0,0]},"meta":{"lastBranch":23,"lastFunction":13,"lastStatement":51,"seen":{"f:7:24:7:Infinity":0,"s:8:16:8:Infinity":0,"s:9:41:9:Infinity":1,"s:10:29:10:Infinity":2,"s:11:25:11:Infinity":3,"s:12:33:12:Infinity":4,"s:14:21:17:Infinity":5,"f:14:21:14:22":1,"b:15:4:15:Infinity:undefined:undefined:undefined:undefined":0,"s:15:4:15:Infinity":6,"s:15:20:15:Infinity":7,"s:16:4:16:Infinity":8,"s:19:2:41:Infinity":9,"f:19:12:19:Infinity":2,"f:20:19:20:Infinity":3,"s:21:6:21:Infinity":10,"s:22:6:22:Infinity":11,"s:25:8:27:Infinity":12,"b:26:12:26:Infinity:27:12:27:Infinity":1,"s:29:18:29:Infinity":13,"b:31:6:35:Infinity:33:13:35:Infinity":2,"s:31:6:35:Infinity":14,"s:32:8:32:Infinity":15,"s:34:8:34:Infinity":16,"b:34:25:34:33:34:37:34:39":3,"s:37:6:37:Infinity":17,"s:40:4:40:Infinity":18,"f:43:17:43:34":4,"s:44:16:44:Infinity":19,"b:46:4:48:Infinity:undefined:undefined:undefined:undefined":4,"s:46:4:48:Infinity":20,"b:46:8:46:19:46:23:46:47":5,"s:47:6:47:Infinity":21,"f:47:23:47:31":5,"s:47:31:47:Infinity":22,"f:47:43:47:48":6,"s:47:48:47:Infinity":23,"f:51:11:51:19":7,"b:52:4:58:Infinity:undefined:undefined:undefined:undefined":6,"s:52:4:58:Infinity":24,"s:53:6:55:Infinity":25,"b:60:4:66:Infinity:undefined:undefined:undefined:undefined":7,"s:60:4:66:Infinity":26,"s:61:6:63:Infinity":27,"b:68:4:74:Infinity:undefined:undefined:undefined:undefined":8,"s:68:4:74:Infinity":28,"s:69:6:71:Infinity":29,"b:76:4:82:Infinity:undefined:undefined:undefined:undefined":9,"s:76:4:82:Infinity":30,"s:77:6:79:Infinity":31,"s:84:4:84:Infinity":32,"f:88:11:88:26":8,"b:89:4:89:Infinity:undefined:undefined:undefined:undefined":10,"s:89:4:89:Infinity":33,"s:89:31:89:Infinity":34,"b:90:4:90:Infinity:undefined:undefined:undefined:undefined":11,"s:90:4:90:Infinity":35,"s:90:32:90:Infinity":36,"b:91:4:91:Infinity:undefined:undefined:undefined:undefined":12,"s:91:4:91:Infinity":37,"s:91:27:91:Infinity":38,"b:92:4:92:Infinity:undefined:undefined:undefined:undefined":13,"s:92:4:92:Infinity":39,"s:92:29:92:Infinity":40,"s:93:4:93:Infinity":41,"b:96:2:96:Infinity:undefined:undefined:undefined:undefined":14,"s:96:2:96:Infinity":42,"s:96:15:96:Infinity":43,"b:97:2:97:Infinity:undefined:undefined:undefined:undefined":15,"s:97:2:97:Infinity":44,"s:97:13:97:Infinity":45,"s:99:2:138:Infinity":46,"b:108:39:108:54:108:54:108:Infinity":16,"f:110:21:110:27":9,"s:110:27:110:Infinity":47,"b:117:37:117:52:117:52:117:Infinity":17,"f:119:21:119:27":10,"s:119:27:119:Infinity":48,"b:129:36:136:26:136:12:138:Infinity":18,"b:132:18:132:Infinity:133:18:133:Infinity":19,"f:136:30:136:Infinity":11,"s:136:30:138:Infinity":49,"b:155:21:155:44:155:44:159:Infinity":20,"b:158:50:158:66:158:66:158:Infinity":21,"b:165:19:165:Infinity:165:33:171:Infinity":22,"f:168:31:168:37":12,"s:168:37:168:Infinity":50}}}
,"C:\\Trabajo\\TiendaClick\\Stock-SalesAPP\\Frontend\\TiendaClick\\src\\components\\profile\\Profile.jsx": {"path":"C:\\Trabajo\\TiendaClick\\Stock-SalesAPP\\Frontend\\TiendaClick\\src\\components\\profile\\Profile.jsx","statementMap":{"0":{"start":{"line":7,"column":26},"end":{"line":7,"column":null}},"1":{"start":{"line":8,"column":35},"end":{"line":8,"column":null}},"2":{"start":{"line":9,"column":10},"end":{"line":9,"column":null}},"3":{"start":{"line":11,"column":23},"end":{"line":16,"column":null}},"4":{"start":{"line":18,"column":24},"end":{"line":18,"column":null}},"5":{"start":{"line":18,"column":30},"end":{"line":18,"column":null}},"6":{"start":{"line":19,"column":23},"end":{"line":19,"column":null}},"7":{"start":{"line":19,"column":29},"end":{"line":19,"column":null}},"8":{"start":{"line":21,"column":26},"end":{"line":27,"column":null}},"9":{"start":{"line":22,"column":8},"end":{"line":22,"column":null}},"10":{"start":{"line":23,"column":8},"end":{"line":26,"column":null}},"11":{"start":{"line":24,"column":12},"end":{"line":24,"column":null}},"12":{"start":{"line":25,"column":12},"end":{"line":25,"column":null}},"13":{"start":{"line":29,"column":4},"end":{"line":83,"column":null}}},"fnMap":{"0":{"name":"Profile","decl":{"start":{"line":6,"column":9},"end":{"line":6,"column":null}},"loc":{"start":{"line":6,"column":9},"end":{"line":87,"column":null}},"line":6},"1":{"name":"(anonymous_1)","decl":{"start":{"line":18,"column":24},"end":{"line":18,"column":30}},"loc":{"start":{"line":18,"column":30},"end":{"line":18,"column":null}},"line":18},"2":{"name":"(anonymous_2)","decl":{"start":{"line":19,"column":23},"end":{"line":19,"column":29}},"loc":{"start":{"line":19,"column":29},"end":{"line":19,"column":null}},"line":19},"3":{"name":"(anonymous_3)","decl":{"start":{"line":21,"column":26},"end":{"line":21,"column":null}},"loc":{"start":{"line":21,"column":26},"end":{"line":27,"column":null}},"line":21}},"branchMap":{"0":{"loc":{"start":{"line":34,"column":41},"end":{"line":34,"column":78}},"type":"binary-expr","locations":[{"start":{"line":34,"column":41},"end":{"line":34,"column":62}},{"start":{"line":34,"column":66},"end":{"line":34,"column":78}}],"line":34},"1":{"loc":{"start":{"line":46,"column":45},"end":{"line":46,"column":82}},"type":"binary-expr","locations":[{"start":{"line":46,"column":45},"end":{"line":46,"column":66}},{"start":{"line":46,"column":70},"end":{"line":46,"column":82}}],"line":46}},"s":{"0":2,"1":2,"2":2,"3":2,"4":2,"5":0,"6":2,"7":0,"8":2,"9":0,"10":0,"11":0,"12":0,"13":2},"f":{"0":2,"1":0,"2":0,"3":0},"b":{"0":[2,0],"1":[2,0]},"meta":{"lastBranch":2,"lastFunction":4,"lastStatement":14,"seen":{"f:6:9:6:Infinity":0,"s:7:26:7:Infinity":0,"s:8:35:8:Infinity":1,"s:9:10:9:Infinity":2,"s:11:23:16:Infinity":3,"s:18:24:18:Infinity":4,"f:18:24:18:30":1,"s:18:30:18:Infinity":5,"s:19:23:19:Infinity":6,"f:19:23:19:29":2,"s:19:29:19:Infinity":7,"s:21:26:27:Infinity":8,"f:21:26:21:Infinity":3,"s:22:8:22:Infinity":9,"s:23:8:26:Infinity":10,"s:24:12:24:Infinity":11,"s:25:12:25:Infinity":12,"s:29:4:83:Infinity":13,"b:34:41:34:62:34:66:34:78":0,"b:46:45:46:66:46:70:46:82":1}}}
,"C:\\Trabajo\\TiendaClick\\Stock-SalesAPP\\Frontend\\TiendaClick\\src\\components\\sideNav\\DownloadButton.jsx": {"path":"C:\\Trabajo\\TiendaClick\\Stock-SalesAPP\\Frontend\\TiendaClick\\src\\components\\sideNav\\DownloadButton.jsx","statementMap":{"0":{"start":{"line":3,"column":4},"end":{"line":6,"column":null}},"1":{"start":{"line":4,"column":31},"end":{"line":4,"column":42}}},"fnMap":{"0":{"name":"DownloadButton","decl":{"start":{"line":2,"column":24},"end":{"line":2,"column":39}},"loc":{"start":{"line":2,"column":56},"end":{"line":8,"column":null}},"line":2},"1":{"name":"(anonymous_1)","decl":{"start":{"line":4,"column":25},"end":{"line":4,"column":31}},"loc":{"start":{"line":4,"column":31},"end":{"line":4,"column":42}},"line":4}},"branchMap":{},"s":{"0":6,"1":0},"f":{"0":6,"1":0},"b":{},"meta":{"lastBranch":0,"lastFunction":2,"lastStatement":2,"seen":{"f:2:24:2:39":0,"s:3:4:6:Infinity":0,"f:4:25:4:31":1,"s:4:31:4:42":1}}}
,"C:\\Trabajo\\TiendaClick\\Stock-SalesAPP\\Frontend\\TiendaClick\\src\\components\\sideNav\\Nav.jsx": {"path":"C:\\Trabajo\\TiendaClick\\Stock-SalesAPP\\Frontend\\TiendaClick\\src\\components\\sideNav\\Nav.jsx","statementMap":{"0":{"start":{"line":5,"column":4},"end":{"line":10,"column":null}}},"fnMap":{"0":{"name":"Nav","decl":{"start":{"line":3,"column":9},"end":{"line":3,"column":null}},"loc":{"start":{"line":3,"column":9},"end":{"line":16,"column":null}},"line":3}},"branchMap":{},"s":{"0":2},"f":{"0":2},"b":{},"meta":{"lastBranch":0,"lastFunction":1,"lastStatement":1,"seen":{"f:3:9:3:Infinity":0,"s:5:4:10:Infinity":0}}}
,"C:\\Trabajo\\TiendaClick\\Stock-SalesAPP\\Frontend\\TiendaClick\\src\\components\\sideNav\\NavLink.jsx": {"path":"C:\\Trabajo\\TiendaClick\\Stock-SalesAPP\\Frontend\\TiendaClick\\src\\components\\sideNav\\NavLink.jsx","statementMap":{"0":{"start":{"line":5,"column":4},"end":{"line":15,"column":null}}},"fnMap":{"0":{"name":"NavLink","decl":{"start":{"line":3,"column":9},"end":{"line":3,"column":17}},"loc":{"start":{"line":3,"column":35},"end":{"line":21,"column":null}},"line":3}},"branchMap":{"0":{"loc":{"start":{"line":3,"column":25},"end":{"line":3,"column":33}},"type":"default-arg","locations":[{"start":{"line":3,"column":31},"end":{"line":3,"column":33}}],"line":3}},"s":{"0":16},"f":{"0":16},"b":{"0":[16]},"meta":{"lastBranch":1,"lastFunction":1,"lastStatement":1,"seen":{"f:3:9:3:17":0,"b:3:31:3:33":0,"s:5:4:15:Infinity":0}}}
,"C:\\Trabajo\\TiendaClick\\Stock-SalesAPP\\Frontend\\TiendaClick\\src\\components\\sideNav\\SideBar.jsx": {"path":"C:\\Trabajo\\TiendaClick\\Stock-SalesAPP\\Frontend\\TiendaClick\\src\\components\\sideNav\\SideBar.jsx","statementMap":{"0":{"start":{"line":13,"column":35},"end":{"line":13,"column":null}},"1":{"start":{"line":14,"column":18},"end":{"line":14,"column":null}},"2":{"start":{"line":15,"column":18},"end":{"line":15,"column":null}},"3":{"start":{"line":16,"column":24},"end":{"line":16,"column":null}},"4":{"start":{"line":16,"column":30},"end":{"line":16,"column":null}},"5":{"start":{"line":17,"column":26},"end":{"line":20,"column":null}},"6":{"start":{"line":18,"column":8},"end":{"line":18,"column":null}},"7":{"start":{"line":19,"column":8},"end":{"line":19,"column":null}},"8":{"start":{"line":22,"column":4},"end":{"line":67,"column":null}},"9":{"start":{"line":48,"column":57},"end":{"line":48,"column":95}},"10":{"start":{"line":49,"column":57},"end":{"line":49,"column":98}},"11":{"start":{"line":50,"column":57},"end":{"line":50,"column":95}}},"fnMap":{"0":{"name":"SideBar","decl":{"start":{"line":12,"column":9},"end":{"line":12,"column":17}},"loc":{"start":{"line":12,"column":29},"end":{"line":71,"column":null}},"line":12},"1":{"name":"(anonymous_1)","decl":{"start":{"line":16,"column":24},"end":{"line":16,"column":30}},"loc":{"start":{"line":16,"column":30},"end":{"line":16,"column":null}},"line":16},"2":{"name":"(anonymous_2)","decl":{"start":{"line":17,"column":26},"end":{"line":17,"column":null}},"loc":{"start":{"line":17,"column":26},"end":{"line":20,"column":null}},"line":17},"3":{"name":"(anonymous_3)","decl":{"start":{"line":48,"column":57},"end":{"line":48,"column":63}},"loc":{"start":{"line":48,"column":57},"end":{"line":48,"column":95}},"line":48},"4":{"name":"(anonymous_4)","decl":{"start":{"line":49,"column":57},"end":{"line":49,"column":63}},"loc":{"start":{"line":49,"column":57},"end":{"line":49,"column":98}},"line":49},"5":{"name":"(anonymous_5)","decl":{"start":{"line":50,"column":57},"end":{"line":50,"column":63}},"loc":{"start":{"line":50,"column":57},"end":{"line":50,"column":95}},"line":50}},"branchMap":{},"s":{"0":2,"1":2,"2":2,"3":2,"4":0,"5":2,"6":0,"7":0,"8":2,"9":0,"10":0,"11":0},"f":{"0":2,"1":0,"2":0,"3":0,"4":0,"5":0},"b":{},"meta":{"lastBranch":0,"lastFunction":6,"lastStatement":12,"seen":{"f:12:9:12:17":0,"s:13:35:13:Infinity":0,"s:14:18:14:Infinity":1,"s:15:18:15:Infinity":2,"s:16:24:16:Infinity":3,"f:16:24:16:30":1,"s:16:30:16:Infinity":4,"s:17:26:20:Infinity":5,"f:17:26:17:Infinity":2,"s:18:8:18:Infinity":6,"s:19:8:19:Infinity":7,"s:22:4:67:Infinity":8,"f:48:57:48:63":3,"s:48:57:48:95":9,"f:49:57:49:63":4,"s:49:57:49:98":10,"f:50:57:50:63":5,"s:50:57:50:95":11}}}
,"C:\\Trabajo\\TiendaClick\\Stock-SalesAPP\\Frontend\\TiendaClick\\src\\components\\sideNav\\SideBarBrand.jsx": {"path":"C:\\Trabajo\\TiendaClick\\Stock-SalesAPP\\Frontend\\TiendaClick\\src\\components\\sideNav\\SideBarBrand.jsx","statementMap":{"0":{"start":{"line":4,"column":4},"end":{"line":22,"column":null}}},"fnMap":{"0":{"name":"SideBarBrand","decl":{"start":{"line":3,"column":9},"end":{"line":3,"column":null}},"loc":{"start":{"line":3,"column":9},"end":{"line":29,"column":null}},"line":3}},"branchMap":{},"s":{"0":2},"f":{"0":2},"b":{},"meta":{"lastBranch":0,"lastFunction":1,"lastStatement":1,"seen":{"f:3:9:3:Infinity":0,"s:4:4:22:Infinity":0}}}
,"C:\\Trabajo\\TiendaClick\\Stock-SalesAPP\\Frontend\\TiendaClick\\src\\css\\dashboard.css": {"path":"C:\\Trabajo\\TiendaClick\\Stock-SalesAPP\\Frontend\\TiendaClick\\src\\css\\dashboard.css","statementMap":{},"fnMap":{},"branchMap":{},"s":{},"f":{},"b":{},"meta":{"lastBranch":0,"lastFunction":0,"lastStatement":0,"seen":{}}}
,"C:\\Trabajo\\TiendaClick\\Stock-SalesAPP\\Frontend\\TiendaClick\\src\\services\\axios.services.js": {"path":"C:\\Trabajo\\TiendaClick\\Stock-SalesAPP\\Frontend\\TiendaClick\\src\\services\\axios.services.js","statementMap":{"0":{"start":{"line":5,"column":2},"end":{"line":14,"column":null}},"1":{"start":{"line":6,"column":21},"end":{"line":9,"column":5}},"2":{"start":{"line":10,"column":4},"end":{"line":10,"column":null}},"3":{"start":{"line":12,"column":4},"end":{"line":12,"column":null}},"4":{"start":{"line":13,"column":4},"end":{"line":13,"column":null}},"5":{"start":{"line":18,"column":2},"end":{"line":27,"column":null}},"6":{"start":{"line":19,"column":21},"end":{"line":22,"column":5}},"7":{"start":{"line":23,"column":4},"end":{"line":23,"column":null}},"8":{"start":{"line":25,"column":4},"end":{"line":25,"column":null}},"9":{"start":{"line":26,"column":4},"end":{"line":26,"column":null}},"10":{"start":{"line":31,"column":2},"end":{"line":41,"column":null}},"11":{"start":{"line":32,"column":21},"end":{"line":36,"column":5}},"12":{"start":{"line":37,"column":4},"end":{"line":37,"column":null}},"13":{"start":{"line":39,"column":4},"end":{"line":39,"column":null}},"14":{"start":{"line":40,"column":4},"end":{"line":40,"column":null}},"15":{"start":{"line":45,"column":2},"end":{"line":54,"column":null}},"16":{"start":{"line":46,"column":21},"end":{"line":49,"column":5}},"17":{"start":{"line":50,"column":4},"end":{"line":50,"column":null}},"18":{"start":{"line":52,"column":4},"end":{"line":52,"column":null}},"19":{"start":{"line":53,"column":4},"end":{"line":53,"column":null}},"20":{"start":{"line":58,"column":2},"end":{"line":64,"column":null}},"21":{"start":{"line":59,"column":21},"end":{"line":59,"column":97}},"22":{"start":{"line":60,"column":4},"end":{"line":60,"column":null}},"23":{"start":{"line":62,"column":4},"end":{"line":62,"column":null}},"24":{"start":{"line":63,"column":4},"end":{"line":63,"column":null}},"25":{"start":{"line":68,"column":2},"end":{"line":77,"column":null}},"26":{"start":{"line":69,"column":4},"end":{"line":69,"column":null}},"27":{"start":{"line":70,"column":21},"end":{"line":70,"column":88}},"28":{"start":{"line":71,"column":4},"end":{"line":71,"column":null}},"29":{"start":{"line":73,"column":4},"end":{"line":73,"column":null}},"30":{"start":{"line":74,"column":4},"end":{"line":74,"column":null}},"31":{"start":{"line":76,"column":4},"end":{"line":76,"column":null}},"32":{"start":{"line":81,"column":2},"end":{"line":87,"column":null}},"33":{"start":{"line":82,"column":21},"end":{"line":82,"column":80}},"34":{"start":{"line":83,"column":4},"end":{"line":83,"column":null}},"35":{"start":{"line":85,"column":4},"end":{"line":85,"column":null}},"36":{"start":{"line":86,"column":4},"end":{"line":86,"column":null}},"37":{"start":{"line":91,"column":2},"end":{"line":91,"column":null}},"38":{"start":{"line":97,"column":2},"end":{"line":102,"column":null}},"39":{"start":{"line":98,"column":22},"end":{"line":98,"column":35}},"40":{"start":{"line":100,"column":6},"end":{"line":100,"column":null}},"41":{"start":{"line":101,"column":6},"end":{"line":101,"column":null}},"42":{"start":{"line":106,"column":2},"end":{"line":111,"column":null}},"43":{"start":{"line":107,"column":22},"end":{"line":107,"column":35}},"44":{"start":{"line":109,"column":6},"end":{"line":109,"column":null}},"45":{"start":{"line":110,"column":6},"end":{"line":110,"column":null}},"46":{"start":{"line":115,"column":2},"end":{"line":115,"column":null}},"47":{"start":{"line":115,"column":47},"end":{"line":115,"column":59}},"48":{"start":{"line":116,"column":2},"end":{"line":122,"column":null}},"49":{"start":{"line":117,"column":21},"end":{"line":117,"column":82}},"50":{"start":{"line":118,"column":4},"end":{"line":118,"column":null}},"51":{"start":{"line":120,"column":20},"end":{"line":120,"column":89}},"52":{"start":{"line":121,"column":4},"end":{"line":121,"column":null}},"53":{"start":{"line":126,"column":2},"end":{"line":126,"column":null}},"54":{"start":{"line":126,"column":47},"end":{"line":126,"column":54}},"55":{"start":{"line":128,"column":2},"end":{"line":134,"column":null}},"56":{"start":{"line":129,"column":21},"end":{"line":129,"column":92}},"57":{"start":{"line":130,"column":4},"end":{"line":130,"column":null}},"58":{"start":{"line":132,"column":20},"end":{"line":132,"column":94}},"59":{"start":{"line":133,"column":4},"end":{"line":133,"column":null}},"60":{"start":{"line":138,"column":2},"end":{"line":147,"column":null}},"61":{"start":{"line":139,"column":4},"end":{"line":139,"column":null}},"62":{"start":{"line":140,"column":21},"end":{"line":140,"column":90}},"63":{"start":{"line":141,"column":4},"end":{"line":141,"column":null}},"64":{"start":{"line":143,"column":4},"end":{"line":143,"column":null}},"65":{"start":{"line":144,"column":4},"end":{"line":144,"column":null}},"66":{"start":{"line":146,"column":4},"end":{"line":146,"column":null}},"67":{"start":{"line":151,"column":2},"end":{"line":160,"column":null}},"68":{"start":{"line":152,"column":4},"end":{"line":152,"column":null}},"69":{"start":{"line":153,"column":21},"end":{"line":153,"column":91}},"70":{"start":{"line":154,"column":4},"end":{"line":154,"column":null}},"71":{"start":{"line":156,"column":4},"end":{"line":156,"column":null}},"72":{"start":{"line":157,"column":4},"end":{"line":157,"column":null}},"73":{"start":{"line":159,"column":4},"end":{"line":159,"column":null}},"74":{"start":{"line":164,"column":2},"end":{"line":164,"column":null}},"75":{"start":{"line":168,"column":2},"end":{"line":168,"column":null}},"76":{"start":{"line":173,"column":2},"end":{"line":182,"column":null}},"77":{"start":{"line":174,"column":21},"end":{"line":177,"column":5}},"78":{"start":{"line":178,"column":4},"end":{"line":178,"column":null}},"79":{"start":{"line":180,"column":4},"end":{"line":180,"column":null}},"80":{"start":{"line":181,"column":4},"end":{"line":181,"column":null}},"81":{"start":{"line":186,"column":2},"end":{"line":192,"column":null}},"82":{"start":{"line":187,"column":21},"end":{"line":187,"column":100}},"83":{"start":{"line":188,"column":4},"end":{"line":188,"column":null}},"84":{"start":{"line":190,"column":4},"end":{"line":190,"column":null}},"85":{"start":{"line":191,"column":4},"end":{"line":191,"column":null}},"86":{"start":{"line":196,"column":2},"end":{"line":205,"column":null}},"87":{"start":{"line":197,"column":21},"end":{"line":200,"column":5}},"88":{"start":{"line":201,"column":4},"end":{"line":201,"column":null}},"89":{"start":{"line":203,"column":4},"end":{"line":203,"column":null}},"90":{"start":{"line":204,"column":4},"end":{"line":204,"column":null}},"91":{"start":{"line":209,"column":2},"end":{"line":218,"column":null}},"92":{"start":{"line":210,"column":21},"end":{"line":213,"column":5}},"93":{"start":{"line":214,"column":4},"end":{"line":214,"column":null}},"94":{"start":{"line":216,"column":25},"end":{"line":216,"column":88}},"95":{"start":{"line":217,"column":4},"end":{"line":217,"column":null}},"96":{"start":{"line":222,"column":2},"end":{"line":231,"column":null}},"97":{"start":{"line":223,"column":4},"end":{"line":223,"column":null}},"98":{"start":{"line":224,"column":21},"end":{"line":224,"column":97}},"99":{"start":{"line":225,"column":4},"end":{"line":225,"column":null}},"100":{"start":{"line":227,"column":4},"end":{"line":227,"column":null}},"101":{"start":{"line":228,"column":4},"end":{"line":228,"column":null}},"102":{"start":{"line":230,"column":4},"end":{"line":230,"column":null}},"103":{"start":{"line":235,"column":19},"end":{"line":235,"column":95}},"104":{"start":{"line":236,"column":2},"end":{"line":236,"column":null}},"105":{"start":{"line":240,"column":2},"end":{"line":249,"column":null}},"106":{"start":{"line":241,"column":21},"end":{"line":241,"column":117}},"107":{"start":{"line":242,"column":4},"end":{"line":245,"column":null}},"108":{"start":{"line":247,"column":25},"end":{"line":247,"column":92}},"109":{"start":{"line":248,"column":4},"end":{"line":248,"column":null}},"110":{"start":{"line":253,"column":2},"end":{"line":264,"column":null}},"111":{"start":{"line":254,"column":15},"end":{"line":254,"column":null}},"112":{"start":{"line":255,"column":21},"end":{"line":255,"column":111}},"113":{"start":{"line":257,"column":4},"end":{"line":260,"column":null}},"114":{"start":{"line":262,"column":25},"end":{"line":262,"column":92}},"115":{"start":{"line":263,"column":4},"end":{"line":263,"column":null}},"116":{"start":{"line":268,"column":2},"end":{"line":279,"column":null}},"117":{"start":{"line":269,"column":18},"end":{"line":269,"column":50}},"118":{"start":{"line":270,"column":20},"end":{"line":270,"column":38}},"119":{"start":{"line":271,"column":21},"end":{"line":271,"column":110}},"120":{"start":{"line":272,"column":4},"end":{"line":275,"column":null}},"121":{"start":{"line":277,"column":25},"end":{"line":277,"column":92}},"122":{"start":{"line":278,"column":4},"end":{"line":278,"column":null}},"123":{"start":{"line":283,"column":2},"end":{"line":292,"column":null}},"124":{"start":{"line":284,"column":21},"end":{"line":284,"column":102}},"125":{"start":{"line":285,"column":4},"end":{"line":288,"column":null}},"126":{"start":{"line":290,"column":25},"end":{"line":290,"column":92}},"127":{"start":{"line":291,"column":4},"end":{"line":291,"column":null}},"128":{"start":{"line":296,"column":2},"end":{"line":303,"column":null}},"129":{"start":{"line":298,"column":21},"end":{"line":298,"column":77}},"130":{"start":{"line":299,"column":4},"end":{"line":299,"column":null}},"131":{"start":{"line":301,"column":4},"end":{"line":301,"column":null}},"132":{"start":{"line":302,"column":4},"end":{"line":302,"column":null}},"133":{"start":{"line":307,"column":2},"end":{"line":328,"column":null}},"134":{"start":{"line":308,"column":21},"end":{"line":313,"column":25}},"135":{"start":{"line":315,"column":4},"end":{"line":315,"column":null}},"136":{"start":{"line":318,"column":4},"end":{"line":323,"column":null}},"137":{"start":{"line":319,"column":6},"end":{"line":322,"column":null}},"138":{"start":{"line":324,"column":4},"end":{"line":324,"column":null}},"139":{"start":{"line":325,"column":4},"end":{"line":325,"column":null}},"140":{"start":{"line":327,"column":4},"end":{"line":327,"column":null}},"141":{"start":{"line":332,"column":2},"end":{"line":342,"column":null}},"142":{"start":{"line":333,"column":4},"end":{"line":333,"column":null}},"143":{"start":{"line":334,"column":21},"end":{"line":334,"column":87}},"144":{"start":{"line":335,"column":4},"end":{"line":335,"column":null}},"145":{"start":{"line":338,"column":4},"end":{"line":338,"column":null}},"146":{"start":{"line":339,"column":4},"end":{"line":339,"column":null}},"147":{"start":{"line":341,"column":4},"end":{"line":341,"column":null}},"148":{"start":{"line":346,"column":2},"end":{"line":358,"column":null}},"149":{"start":{"line":347,"column":4},"end":{"line":347,"column":null}},"150":{"start":{"line":348,"column":21},"end":{"line":351,"column":5}},"151":{"start":{"line":352,"column":4},"end":{"line":352,"column":null}},"152":{"start":{"line":354,"column":4},"end":{"line":354,"column":null}},"153":{"start":{"line":355,"column":4},"end":{"line":355,"column":null}},"154":{"start":{"line":357,"column":4},"end":{"line":357,"column":null}},"155":{"start":{"line":362,"column":2},"end":{"line":371,"column":null}},"156":{"start":{"line":363,"column":21},"end":{"line":366,"column":5}},"157":{"start":{"line":367,"column":4},"end":{"line":367,"column":null}},"158":{"start":{"line":369,"column":25},"end":{"line":369,"column":85}},"159":{"start":{"line":370,"column":4},"end":{"line":370,"column":null}},"160":{"start":{"line":377,"column":27},"end":{"line":377,"column":73}},"161":{"start":{"line":380,"column":16},"end":{"line":383,"column":5}},"162":{"start":{"line":380,"column":60},"end":{"line":383,"column":3}},"163":{"start":{"line":386,"column":19},"end":{"line":393,"column":3}},"164":{"start":{"line":396,"column":2},"end":{"line":401,"column":null}},"165":{"start":{"line":397,"column":22},"end":{"line":397,"column":35}},"166":{"start":{"line":399,"column":6},"end":{"line":399,"column":null}},"167":{"start":{"line":400,"column":6},"end":{"line":400,"column":null}},"168":{"start":{"line":405,"column":2},"end":{"line":418,"column":null}},"169":{"start":{"line":406,"column":21},"end":{"line":406,"column":94}},"170":{"start":{"line":408,"column":4},"end":{"line":408,"column":null}},"171":{"start":{"line":410,"column":4},"end":{"line":410,"column":null}},"172":{"start":{"line":411,"column":4},"end":{"line":417,"column":null}},"173":{"start":{"line":422,"column":2},"end":{"line":435,"column":null}},"174":{"start":{"line":423,"column":21},"end":{"line":423,"column":109}},"175":{"start":{"line":425,"column":4},"end":{"line":425,"column":null}},"176":{"start":{"line":427,"column":4},"end":{"line":427,"column":null}},"177":{"start":{"line":428,"column":4},"end":{"line":434,"column":null}},"178":{"start":{"line":439,"column":2},"end":{"line":448,"column":null}},"179":{"start":{"line":440,"column":4},"end":{"line":440,"column":null}},"180":{"start":{"line":441,"column":21},"end":{"line":441,"column":88}},"181":{"start":{"line":442,"column":4},"end":{"line":442,"column":null}},"182":{"start":{"line":444,"column":4},"end":{"line":444,"column":null}},"183":{"start":{"line":445,"column":4},"end":{"line":445,"column":null}},"184":{"start":{"line":447,"column":4},"end":{"line":447,"column":null}},"185":{"start":{"line":452,"column":2},"end":{"line":458,"column":null}},"186":{"start":{"line":453,"column":21},"end":{"line":453,"column":84}},"187":{"start":{"line":454,"column":4},"end":{"line":454,"column":null}},"188":{"start":{"line":456,"column":4},"end":{"line":456,"column":null}},"189":{"start":{"line":457,"column":4},"end":{"line":457,"column":null}},"190":{"start":{"line":462,"column":2},"end":{"line":485,"column":null}},"191":{"start":{"line":463,"column":21},"end":{"line":466,"column":5}},"192":{"start":{"line":468,"column":37},"end":{"line":468,"column":50}},"193":{"start":{"line":470,"column":4},"end":{"line":472,"column":null}},"194":{"start":{"line":471,"column":6},"end":{"line":471,"column":null}},"195":{"start":{"line":474,"column":4},"end":{"line":478,"column":null}},"196":{"start":{"line":481,"column":4},"end":{"line":484,"column":null}},"197":{"start":{"line":489,"column":2},"end":{"line":506,"column":null}},"198":{"start":{"line":490,"column":21},"end":{"line":494,"column":5}},"199":{"start":{"line":496,"column":37},"end":{"line":496,"column":50}},"200":{"start":{"line":498,"column":4},"end":{"line":500,"column":null}},"201":{"start":{"line":499,"column":6},"end":{"line":499,"column":null}},"202":{"start":{"line":502,"column":4},"end":{"line":502,"column":null}},"203":{"start":{"line":504,"column":4},"end":{"line":504,"column":null}},"204":{"start":{"line":505,"column":4},"end":{"line":505,"column":null}},"205":{"start":{"line":510,"column":2},"end":{"line":527,"column":null}},"206":{"start":{"line":511,"column":21},"end":{"line":515,"column":5}},"207":{"start":{"line":517,"column":37},"end":{"line":517,"column":50}},"208":{"start":{"line":519,"column":4},"end":{"line":521,"column":null}},"209":{"start":{"line":520,"column":6},"end":{"line":520,"column":null}},"210":{"start":{"line":523,"column":4},"end":{"line":523,"column":null}},"211":{"start":{"line":525,"column":4},"end":{"line":525,"column":null}},"212":{"start":{"line":526,"column":4},"end":{"line":526,"column":null}},"213":{"start":{"line":531,"column":2},"end":{"line":544,"column":null}},"214":{"start":{"line":532,"column":21},"end":{"line":535,"column":5}},"215":{"start":{"line":536,"column":35},"end":{"line":536,"column":43}},"216":{"start":{"line":537,"column":4},"end":{"line":539,"column":null}},"217":{"start":{"line":538,"column":6},"end":{"line":538,"column":null}},"218":{"start":{"line":540,"column":4},"end":{"line":540,"column":null}},"219":{"start":{"line":542,"column":4},"end":{"line":542,"column":null}},"220":{"start":{"line":543,"column":4},"end":{"line":543,"column":null}},"221":{"start":{"line":550,"column":2},"end":{"line":550,"column":null}},"222":{"start":{"line":554,"column":2},"end":{"line":554,"column":null}},"223":{"start":{"line":559,"column":2},"end":{"line":559,"column":null}},"224":{"start":{"line":564,"column":2},"end":{"line":564,"column":null}},"225":{"start":{"line":569,"column":2},"end":{"line":569,"column":null}},"226":{"start":{"line":574,"column":2},"end":{"line":574,"column":null}},"227":{"start":{"line":579,"column":2},"end":{"line":579,"column":null}},"228":{"start":{"line":584,"column":2},"end":{"line":584,"column":null}},"229":{"start":{"line":589,"column":2},"end":{"line":595,"column":null}},"230":{"start":{"line":590,"column":21},"end":{"line":590,"column":91}},"231":{"start":{"line":591,"column":4},"end":{"line":591,"column":null}},"232":{"start":{"line":593,"column":4},"end":{"line":593,"column":null}},"233":{"start":{"line":594,"column":4},"end":{"line":594,"column":null}},"234":{"start":{"line":599,"column":2},"end":{"line":605,"column":null}},"235":{"start":{"line":600,"column":21},"end":{"line":600,"column":100}},"236":{"start":{"line":601,"column":4},"end":{"line":601,"column":null}},"237":{"start":{"line":603,"column":4},"end":{"line":603,"column":null}},"238":{"start":{"line":604,"column":4},"end":{"line":604,"column":null}},"239":{"start":{"line":609,"column":2},"end":{"line":615,"column":null}},"240":{"start":{"line":610,"column":21},"end":{"line":610,"column":98}},"241":{"start":{"line":611,"column":4},"end":{"line":611,"column":null}},"242":{"start":{"line":613,"column":4},"end":{"line":613,"column":null}},"243":{"start":{"line":614,"column":4},"end":{"line":614,"column":null}}},"fnMap":{"0":{"name":"fetchUnseenNotifications","decl":{"start":{"line":4,"column":15},"end":{"line":4,"column":39}},"loc":{"start":{"line":4,"column":47},"end":{"line":15,"column":null}},"line":4},"1":{"name":"fetchSeenNotifications","decl":{"start":{"line":17,"column":15},"end":{"line":17,"column":37}},"loc":{"start":{"line":17,"column":45},"end":{"line":28,"column":null}},"line":17},"2":{"name":"markNotificationAsSeen","decl":{"start":{"line":30,"column":15},"end":{"line":30,"column":37}},"loc":{"start":{"line":30,"column":49},"end":{"line":42,"column":null}},"line":30},"3":{"name":"deleteNotificationById","decl":{"start":{"line":44,"column":15},"end":{"line":44,"column":37}},"loc":{"start":{"line":44,"column":49},"end":{"line":55,"column":null}},"line":44},"4":{"name":"verifyPin","decl":{"start":{"line":57,"column":15},"end":{"line":57,"column":24}},"loc":{"start":{"line":57,"column":37},"end":{"line":65,"column":null}},"line":57},"5":{"name":"fetchBlames","decl":{"start":{"line":67,"column":15},"end":{"line":67,"column":26}},"loc":{"start":{"line":67,"column":56},"end":{"line":78,"column":null}},"line":67},"6":{"name":"loginUser","decl":{"start":{"line":80,"column":15},"end":{"line":80,"column":24}},"loc":{"start":{"line":80,"column":45},"end":{"line":88,"column":null}},"line":80},"7":{"name":"logoutUser","decl":{"start":{"line":90,"column":9},"end":{"line":90,"column":19}},"loc":{"start":{"line":90,"column":27},"end":{"line":92,"column":null}},"line":90},"8":{"name":"addProduct","decl":{"start":{"line":96,"column":15},"end":{"line":96,"column":25}},"loc":{"start":{"line":96,"column":42},"end":{"line":103,"column":null}},"line":96},"9":{"name":"(anonymous_9)","decl"
[...]
d":{"line":323,"column":null}},{"start":{},"end":{}}],"line":318},"23":{"loc":{"start":{"line":321,"column":17},"end":{"line":321,"column":null}},"type":"binary-expr","locations":[{"start":{"line":321,"column":17},"end":{"line":321,"column":42}},{"start":{"line":321,"column":46},"end":{"line":321,"column":null}}],"line":321},"24":{"loc":{"start":{"line":331,"column":28},"end":{"line":331,"column":36}},"type":"default-arg","locations":[{"start":{"line":331,"column":35},"end":{"line":331,"column":36}}],"line":331},"25":{"loc":{"start":{"line":369,"column":25},"end":{"line":369,"column":85}},"type":"binary-expr","locations":[{"start":{"line":369,"column":25},"end":{"line":369,"column":52}},{"start":{"line":369,"column":56},"end":{"line":369,"column":85}}],"line":369},"26":{"loc":{"start":{"line":414,"column":8},"end":{"line":416,"column":39}},"type":"binary-expr","locations":[{"start":{"line":414,"column":8},"end":{"line":414,"column":36}},{"start":{"line":415,"column":8},"end":{"line":415,"column":37}},{"start":{"line":416,"column":8},"end":{"line":416,"column":39}}],"line":414},"27":{"loc":{"start":{"line":431,"column":8},"end":{"line":433,"column":38}},"type":"binary-expr","locations":[{"start":{"line":431,"column":8},"end":{"line":431,"column":36}},{"start":{"line":432,"column":8},"end":{"line":432,"column":37}},{"start":{"line":433,"column":8},"end":{"line":433,"column":38}}],"line":431},"28":{"loc":{"start":{"line":438,"column":29},"end":{"line":438,"column":37}},"type":"default-arg","locations":[{"start":{"line":438,"column":36},"end":{"line":438,"column":37}}],"line":438},"29":{"loc":{"start":{"line":470,"column":4},"end":{"line":472,"column":null}},"type":"if","locations":[{"start":{"line":470,"column":4},"end":{"line":472,"column":null}},{"start":{},"end":{}}],"line":470},"30":{"loc":{"start":{"line":477,"column":12},"end":{"line":477,"column":null}},"type":"cond-expr","locations":[{"start":{"line":477,"column":34},"end":{"line":477,"column":38}},{"start":{"line":477,"column":41},"end":{"line":477,"column":null}}],"line":477},"31":{"loc":{"start":{"line":483,"column":13},"end":{"line":483,"column":58}},"type":"binary-expr","locations":[{"start":{"line":483,"column":13},"end":{"line":483,"column":25}},{"start":{"line":483,"column":29},"end":{"line":483,"column":58}}],"line":483},"32":{"loc":{"start":{"line":498,"column":4},"end":{"line":500,"column":null}},"type":"if","locations":[{"start":{"line":498,"column":4},"end":{"line":500,"column":null}},{"start":{},"end":{}}],"line":498},"33":{"loc":{"start":{"line":519,"column":4},"end":{"line":521,"column":null}},"type":"if","locations":[{"start":{"line":519,"column":4},"end":{"line":521,"column":null}},{"start":{},"end":{}}],"line":519},"34":{"loc":{"start":{"line":537,"column":4},"end":{"line":539,"column":null}},"type":"if","locations":[{"start":{"line":537,"column":4},"end":{"line":539,"column":null}},{"start":{},"end":{}}],"line":537},"35":{"loc":{"start":{"line":591,"column":11},"end":{"line":591,"column":32}},"type":"binary-expr","locations":[{"start":{"line":591,"column":11},"end":{"line":591,"column":24}},{"start":{"line":591,"column":28},"end":{"line":591,"column":32}}],"line":591},"36":{"loc":{"start":{"line":601,"column":11},"end":{"line":601,"column":32}},"type":"binary-expr","locations":[{"start":{"line":601,"column":11},"end":{"line":601,"column":24}},{"start":{"line":601,"column":28},"end":{"line":601,"column":32}}],"line":601},"37":{"loc":{"start":{"line":611,"column":11},"end":{"line":611,"column":32}},"type":"binary-expr","locations":[{"start":{"line":611,"column":11},"end":{"line":611,"column":24}},{"start":{"line":611,"column":28},"end":{"line":611,"column":32}}],"line":611}},"s":{"0":1,"1":1,"2":0,"3":0,"4":0,"5":0,"6":0,"7":0,"8":0,"9":0,"10":0,"11":0,"12":0,"13":0,"14":0,"15":0,"16":0,"17":0,"18":0,"19":0,"20":0,"21":0,"22":0,"23":0,"24":0,"25":0,"26":0,"27":0,"28":0,"29":0,"30":0,"31":0,"32":0,"33":0,"34":0,"35":0,"36":0,"37":0,"38":0,"39":0,"40":0,"41":0,"42":0,"43":0,"44":0,"45":0,"46":0,"47":0,"48":0,"49":0,"50":0,"51":0,"52":0,"53":0,"54":0,"55":0,"56":0,"57":0,"58":0,"59":0,"60":0,"61":0,"62":0,"63":0,"64":0,"65":0,"66":0,"67":0,"68":0,"69":0,"70":0,"71":0,"72":0,"73":0,"74":0,"75":0,"76":0,"77":0,"78":0,"79":0,"80":0,"81":0,"82":0,"83":0,"84":0,"85":0,"86":0,"87":0,"88":0,"89":0,"90":0,"91":0,"92":0,"93":0,"94":0,"95":0,"96":1,"97":1,"98":1,"99":0,"100":0,"101":0,"102":0,"103":0,"104":0,"105":0,"106":0,"107":0,"108":0,"109":0,"110":0,"111":0,"112":0,"113":0,"114":0,"115":0,"116":0,"117":0,"118":0,"119":0,"120":0,"121":0,"122":0,"123":0,"124":0,"125":0,"126":0,"127":0,"128":0,"129":0,"130":0,"131":0,"132":0,"133":0,"134":0,"135":0,"136":0,"137":0,"138":0,"139":0,"140":0,"141":0,"142":0,"143":0,"144":0,"145":0,"146":0,"147":0,"148":0,"149":0,"150":0,"151":0,"152":0,"153":0,"154":0,"155":0,"156":0,"157":0,"158":0,"159":0,"160":0,"161":0,"162":0,"163":0,"164":0,"165":0,"166":0,"167":0,"168":0,"169":0,"170":0,"171":0,"172":0,"173":0,"174":0,"175":0,"176":0,"177":0,"178":0,"179":0,"180":0,"181":0,"182":0,"183":0,"184":0,"185":0,"186":0,"187":0,"188":0,"189":0,"190":0,"191":0,"192":0,"193":0,"194":0,"195":0,"196":0,"197":0,"198":0,"199":0,"200":0,"201":0,"202":0,"203":0,"204":0,"205":0,"206":0,"207":0,"208":0,"209":0,"210":0,"211":0,"212":0,"213":0,"214":0,"215":0,"216":0,"217":0,"218":0,"219":0,"220":0,"221":0,"222":0,"223":0,"224":0,"225":0,"226":0,"227":0,"228":0,"229":1,"230":1,"231":0,"232":0,"233":0,"234":1,"235":1,"236":0,"237":0,"238":0,"239":1,"240":1,"241":0,"242":0,"243":0},"f":{"0":1,"1":0,"2":0,"3":0,"4":0,"5":0,"6":0,"7":0,"8":0,"9":0,"10":0,"11":0,"12":0,"13":0,"14":0,"15":0,"16":0,"17":0,"18":0,"19":0,"20":0,"21":0,"22":0,"23":0,"24":0,"25":0,"26":1,"27":0,"28":0,"29":0,"30":0,"31":0,"32":0,"33":0,"34":0,"35":0,"36":0,"37":0,"38":0,"39":0,"40":0,"41":0,"42":0,"43":0,"44":0,"45":0,"46":0,"47":0,"48":0,"49":0,"50":0,"51":0,"52":0,"53":0,"54":0,"55":0,"56":0,"57":1,"58":1,"59":1},"b":{"0":[0],"1":[0,0],"2":[0,0],"3":[0],"4":[0],"5":[0,0],"6":[0,0],"7":[0,0],"8":[1],"9":[0,0],"10":[0,0],"11":[0,0,0],"12":[0,0],"13":[0,0],"14":[0,0,0],"15":[0,0],"16":[0,0],"17":[0,0,0],"18":[0,0],"19":[0,0],"20":[0,0,0],"21":[0,0],"22":[0,0],"23":[0,0],"24":[0],"25":[0,0],"26":[0,0,0],"27":[0,0,0],"28":[0],"29":[0,0],"30":[0,0],"31":[0,0],"32":[0,0],"33":[0,0],"34":[0,0],"35":[0,0],"36":[0,0],"37":[0,0]},"meta":{"lastBranch":38,"lastFunction":60,"lastStatement":244,"seen":{"f:4:15:4:39":0,"s:5:2:14:Infinity":0,"s:6:21:9:5":1,"s:10:4:10:Infinity":2,"s:12:4:12:Infinity":3,"s:13:4:13:Infinity":4,"f:17:15:17:37":1,"s:18:2:27:Infinity":5,"s:19:21:22:5":6,"s:23:4:23:Infinity":7,"s:25:4:25:Infinity":8,"s:26:4:26:Infinity":9,"f:30:15:30:37":2,"s:31:2:41:Infinity":10,"s:32:21:36:5":11,"s:37:4:37:Infinity":12,"s:39:4:39:Infinity":13,"s:40:4:40:Infinity":14,"f:44:15:44:37":3,"s:45:2:54:Infinity":15,"s:46:21:49:5":16,"s:50:4:50:Infinity":17,"s:52:4:52:Infinity":18,"s:53:4:53:Infinity":19,"f:57:15:57:24":4,"s:58:2:64:Infinity":20,"s:59:21:59:97":21,"s:60:4:60:Infinity":22,"s:62:4:62:Infinity":23,"s:63:4:63:Infinity":24,"f:67:15:67:26":5,"b:67:34:67:35":0,"s:68:2:77:Infinity":25,"s:69:4:69:Infinity":26,"s:70:21:70:88":27,"s:71:4:71:Infinity":28,"s:73:4:73:Infinity":29,"s:74:4:74:Infinity":30,"s:76:4:76:Infinity":31,"f:80:15:80:24":6,"s:81:2:87:Infinity":32,"s:82:21:82:80":33,"s:83:4:83:Infinity":34,"s:85:4:85:Infinity":35,"s:86:4:86:Infinity":36,"f:90:9:90:19":7,"s:91:2:91:Infinity":37,"f:96:15:96:25":8,"s:97:2:102:Infinity":38,"f:98:10:98:18":9,"s:98:22:98:35":39,"f:99:11:99:16":10,"s:100:6:100:Infinity":40,"s:101:6:101:Infinity":41,"f:105:15:105:26":11,"s:106:2:111:Infinity":42,"f:107:10:107:18":12,"s:107:22:107:35":43,"f:108:11:108:16":13,"s:109:6:109:Infinity":44,"s:110:6:110:Infinity":45,"f:114:15:114:23":14,"s:115:2:115:Infinity":46,"f:115:36:115:43":15,"s:115:47:115:59":47,"s:116:2:122:Infinity":48,"s:117:21:117:82":49,"s:118:4:118:Infinity":50,"s:120:20:120:89":51,"b:120:20:120:47:120:51:120:89":1,"s:121:4:121:Infinity":52,"f:125:15:125:26":16,"s:126:2:126:Infinity":53,"f:126:36:126:43":17,"s:126:47:126:54":54,"s:128:2:134:Infinity":55,"s:129:21:129:92":56,"s:130:4:130:Infinity":57,"s:132:20:132:94":58,"b:132:20:132:47:132:51:132:94":2,"s:133:4:133:Infinity":59,"f:137:15:137:28":18,"b:137:38:137:39":3,"s:138:2:147:Infinity":60,"s:139:4:139:Infinity":61,"s:140:21:140:90":62,"s:141:4:141:Infinity":63,"s:143:4:143:Infinity":64,"s:144:4:144:Infinity":65,"s:146:4:146:Infinity":66,"f:150:15:150:37":19,"b:150:47:150:48":4,"s:151:2:160:Infinity":67,"s:152:4:152:Infinity":68,"s:153:21:153:91":69,"s:154:4:154:Infinity":70,"s:156:4:156:Infinity":71,"s:157:4:157:Infinity":72,"s:159:4:159:Infinity":73,"f:163:15:163:29":20,"s:164:2:164:Infinity":74,"f:167:15:167:33":21,"s:168:2:168:Infinity":75,"f:172:15:172:32":22,"s:173:2:182:Infinity":76,"s:174:21:177:5":77,"s:178:4:178:Infinity":78,"s:180:4:180:Infinity":79,"s:181:4:181:Infinity":80,"f:185:15:185:33":23,"s:186:2:192:Infinity":81,"s:187:21:187:100":82,"s:188:4:188:Infinity":83,"s:190:4:190:Infinity":84,"b:190:53:190:73:190:77:190:90":5,"s:191:4:191:Infinity":85,"b:191:10:191:30:191:34:191:39":6,"f:195:15:195:34":24,"s:196:2:205:Infinity":86,"s:197:21:200:5":87,"s:201:4:201:Infinity":88,"s:203:4:203:Infinity":89,"s:204:4:204:Infinity":90,"f:208:15:208:34":25,"s:209:2:218:Infinity":91,"s:210:21:213:5":92,"s:214:4:214:Infinity":93,"s:216:25:216:88":94,"b:216:25:216:52:216:56:216:88":7,"s:217:4:217:Infinity":95,"f:221:15:221:28":26,"b:221:52:221:55":8,"s:222:2:231:Infinity":96,"s:223:4:223:Infinity":97,"s:224:21:224:97":98,"s:225:4:225:Infinity":99,"s:227:4:227:Infinity":100,"s:228:4:228:Infinity":101,"s:230:4:230:Infinity":102,"f:234:15:234:29":27,"s:235:19:235:95":103,"s:236:2:236:Infinity":104,"f:239:15:239:28":28,"s:240:2:249:Infinity":105,"s:241:21:241:117":106,"s:242:4:245:Infinity":107,"b:243:15:243:37:243:41:243:46":9,"b:244:13:244:33:244:37:244:39":10,"s:247:25:247:92":108,"b:247:25:247:52:247:56:247:69:247:73:247:92":11,"s:248:4:248:Infinity":109,"f:252:15:252:29":29,"s:253:2:264:Infinity":110,"s:254:15:254:Infinity":111,"s:255:21:255:111":112,"s:257:4:260:Infinity":113,"b:258:15:258:37:258:41:258:46":12,"b:259:13:259:33:259:37:259:39":13,"s:262:25:262:92":114,"b:262:25:262:52:262:56:262:69:262:73:262:92":14,"s:263:4:263:Infinity":115,"f:267:15:267:35":30,"s:268:2:279:Infinity":116,"s:269:18:269:50":117,"s:270:20:270:38":118,"s:271:21:271:110":119,"s:272:4:275:Infinity":120,"b:273:15:273:37:273:41:273:46":15,"b:274:13:274:33:274:37:274:39":16,"s:277:25:277:92":121,"b:277:25:277:52:277:56:277:69:277:73:277:92":17,"s:278:4:278:Infinity":122,"f:282:15:282:30":31,"s:283:2:292:Infinity":123,"s:284:21:284:102":124,"s:285:4:288:Infinity":125,"b:286:15:286:37:286:41:286:46":18,"b:287:13:287:33:287:37:287:39":19,"s:290:25:290:92":126,"b:290:25:290:52:290:56:290:69:290:73:290:92":20,"s:291:4:291:Infinity":127,"f:295:15:295:28":32,"s:296:2:303:Infinity":128,"s:298:21:298:77":129,"s:299:4:299:Infinity":130,"b:299:11:299:24:299:28:299:32":21,"s:301:4:301:Infinity":131,"s:302:4:302:Infinity":132,"f:306:15:306:25":33,"s:307:2:328:Infinity":133,"s:308:21:313:25":134,"s:315:4:315:Infinity":135,"b:318:4:323:Infinity:undefined:undefined:undefined:undefined":22,"s:318:4:323:Infinity":136,"s:319:6:322:Infinity":137,"b:321:17:321:42:321:46:321:Infinity":23,"s:324:4:324:Infinity":138,"s:325:4:325:Infinity":139,"s:327:4:327:Infinity":140,"f:331:15:331:25":34,"b:331:35:331:36":24,"s:332:2:342:Infinity":141,"s:333:4:333:Infinity":142,"s:334:21:334:87":143,"s:335:4:335:Infinity":144,"s:338:4:338:Infinity":145,"s:339:4:339:Infinity":146,"s:341:4:341:Infinity":147,"f:345:15:345:31":35,"s:346:2:358:Infinity":148,"s:347:4:347:Infinity":149,"s:348:21:351:5":150,"s:352:4:352:Infinity":151,"s:354:4:354:Infinity":152,"s:355:4:355:Infinity":153,"s:357:4:357:Infinity":154,"f:361:15:361:29":36,"s:362:2:371:Infinity":155,"s:363:21:366:5":156,"s:367:4:367:Infinity":157,"s:369:25:369:85":158,"b:369:25:369:52:369:56:369:85":25,"s:370:4:370:Infinity":159,"f:374:15:374:22":37,"s:377:27:377:73":160,"s:380:16:383:5":161,"f:380:46:380:47":38,"s:380:60:383:3":162,"s:386:19:393:3":163,"s:396:2:401:Infinity":164,"f:397:10:397:18":39,"s:397:22:397:35":165,"f:398:11:398:16":40,"s:399:6:399:Infinity":166,"s:400:6:400:Infinity":167,"f:404:15:404:26":41,"s:405:2:418:Infinity":168,"s:406:21:406:94":169,"s:408:4:408:Infinity":170,"s:410:4:410:Infinity":171,"s:411:4:417:Infinity":172,"b:414:8:414:36:415:8:415:37:416:8:416:39":26,"f:421:15:421:25":42,"s:422:2:435:Infinity":173,"s:423:21:423:109":174,"s:425:4:425:Infinity":175,"s:427:4:427:Infinity":176,"s:428:4:434:Infinity":177,"b:431:8:431:36:432:8:432:37:433:8:433:38":27,"f:438:15:438:26":43,"b:438:36:438:37":28,"s:439:2:448:Infinity":178,"s:440:4:440:Infinity":179,"s:441:21:441:88":180,"s:442:4:442:Infinity":181,"s:444:4:444:Infinity":182,"s:445:4:445:Infinity":183,"s:447:4:447:Infinity":184,"f:451:15:451:34":44,"s:452:2:458:Infinity":185,"s:453:21:453:84":186,"s:454:4:454:Infinity":187,"s:456:4:456:Infinity":188,"s:457:4:457:Infinity":189,"f:461:15:461:30":45,"s:462:2:485:Infinity":190,"s:463:21:466:5":191,"s:468:37:468:50":192,"b:470:4:472:Infinity:undefined:undefined:undefined:undefined":29,"s:470:4:472:Infinity":193,"s:471:6:471:Infinity":194,"s:474:4:478:Infinity":195,"b:477:34:477:38:477:41:477:Infinity":30,"s:481:4:484:Infinity":196,"b:483:13:483:25:483:29:483:58":31,"f:488:15:488:26":46,"s:489:2:506:Infinity":197,"s:490:21:494:5":198,"s:496:37:496:50":199,"b:498:4:500:Infinity:undefined:undefined:undefined:undefined":32,"s:498:4:500:Infinity":200,"s:499:6:499:Infinity":201,"s:502:4:502:Infinity":202,"s:504:4:504:Infinity":203,"s:505:4:505:Infinity":204,"f:509:15:509:29":47,"s:510:2:527:Infinity":205,"s:511:21:515:5":206,"s:517:37:517:50":207,"b:519:4:521:Infinity:undefined:undefined:undefined:undefined":33,"s:519:4:521:Infinity":208,"s:520:6:520:Infinity":209,"s:523:4:523:Infinity":210,"s:525:4:525:Infinity":211,"s:526:4:526:Infinity":212,"f:530:15:530:29":48,"s:531:2:544:Infinity":213,"s:532:21:535:5":214,"s:536:35:536:43":215,"b:537:4:539:Infinity:undefined:undefined:undefined:undefined":34,"s:537:4:539:Infinity":216,"s:538:6:538:Infinity":217,"s:540:4:540:Infinity":218,"s:542:4:542:Infinity":219,"s:543:4:543:Infinity":220,"f:549:15:549:50":49,"s:550:2:550:Infinity":221,"f:553:15:553:55":50,"s:554:2:554:Infinity":222,"f:558:15:558:39":51,"s:559:2:559:Infinity":223,"f:563:15:563:40":52,"s:564:2:564:Infinity":224,"f:568:15:568:39":53,"s:569:2:569:Infinity":225,"f:573:15:573:36":54,"s:574:2:574:Infinity":226,"f:578:15:578:33":55,"s:579:2:579:Infinity":227,"f:583:15:583:41":56,"s:584:2:584:Infinity":228,"f:588:15:588:30":57,"s:589:2:595:Infinity":229,"s:590:21:590:91":230,"s:591:4:591:Infinity":231,"b:591:11:591:24:591:28:591:32":35,"s:593:4:593:Infinity":232,"s:594:4:594:Infinity":233,"f:598:15:598:34":58,"s:599:2:605:Infinity":234,"s:600:21:600:100":235,"s:601:4:601:Infinity":236,"b:601:11:601:24:601:28:601:32":36,"s:603:4:603:Infinity":237,"s:604:4:604:Infinity":238,"f:608:15:608:33":59,"s:609:2:615:Infinity":239,"s:610:21:610:98":240,"s:611:4:611:Infinity":241,"b:611:11:611:24:611:28:611:32":37,"s:613:4:613:Infinity":242,"s:614:4:614:Infinity":243}}}
,"C:\\Trabajo\\TiendaClick\\Stock-SalesAPP\\Frontend\\TiendaClick\\src\\services\\consts.js": {"path":"C:\\Trabajo\\TiendaClick\\Stock-SalesAPP\\Frontend\\TiendaClick\\src\\services\\consts.js","statementMap":{"0":{"start":{"line":1,"column":22},"end":{"line":1,"column":68}},"1":{"start":{"line":3,"column":4},"end":{"line":7,"column":6}},"2":{"start":{"line":10,"column":17},"end":{"line":13,"column":5}},"3":{"start":{"line":15,"column":16},"end":{"line":15,"column":48}},"4":{"start":{"line":17,"column":17},"end":{"line":17,"column":44}},"5":{"start":{"line":18,"column":4},"end":{"line":18,"column":20}},"6":{"start":{"line":19,"column":4},"end":{"line":19,"column":25}},"7":{"start":{"line":20,"column":4},"end":{"line":20,"column":36}},"8":{"start":{"line":21,"column":4},"end":{"line":21,"column":17}},"9":{"start":{"line":23,"column":4},"end":{"line":23,"column":18}},"10":{"start":{"line":24,"column":4},"end":{"line":24,"column":36}}},"fnMap":{"0":{"name":"authHeader","decl":{"start":{"line":2,"column":16},"end":{"line":2,"column":26}},"loc":{"start":{"line":2,"column":34},"end":{"line":8,"column":1}},"line":2},"1":{"name":"downloadFile","decl":{"start":{"line":9,"column":16},"end":{"line":9,"column":28}},"loc":{"start":{"line":9,"column":41},"end":{"line":25,"column":null}},"line":9}},"branchMap":{},"s":{"0":1,"1":5,"2":0,"3":0,"4":0,"5":0,"6":0,"7":0,"8":0,"9":0,"10":0},"f":{"0":5,"1":0},"b":{},"meta":{"lastBranch":0,"lastFunction":2,"lastStatement":11,"seen":{"s:1:22:1:68":0,"f:2:16:2:26":0,"s:3:4:7:6":1,"f:9:16:9:28":1,"s:10:17:13:5":2,"s:15:16:15:48":3,"s:17:17:17:44":4,"s:18:4:18:20":5,"s:19:4:19:25":6,"s:20:4:20:36":7,"s:21:4:21:17":8,"s:23:4:23:18":9,"s:24:4:24:36":10}}}
,"C:\\Trabajo\\TiendaClick\\Stock-SalesAPP\\Frontend\\TiendaClick\\src\\services\\forms.services.js": {"path":"C:\\Trabajo\\TiendaClick\\Stock-SalesAPP\\Frontend\\TiendaClick\\src\\services\\forms.services.js","statementMap":{"0":{"start":{"line":5,"column":4},"end":{"line":14,"column":5}},"1":{"start":{"line":6,"column":25},"end":{"line":7,"column":59}},"2":{"start":{"line":8,"column":7},"end":{"line":8,"column":51}},"3":{"start":{"line":10,"column":8},"end":{"line":10,"column":20}},"4":{"start":{"line":12,"column":8},"end":{"line":12,"column":71}},"5":{"start":{"line":13,"column":8},"end":{"line":13,"column":21}},"6":{"start":{"line":17,"column":4},"end":{"line":26,"column":5}},"7":{"start":{"line":18,"column":25},"end":{"line":19,"column":59}},"8":{"start":{"line":20,"column":7},"end":{"line":20,"column":55}},"9":{"start":{"line":22,"column":8},"end":{"line":22,"column":20}},"10":{"start":{"line":24,"column":8},"end":{"line":24,"column":74}},"11":{"start":{"line":25,"column":8},"end":{"line":25,"column":21}},"12":{"start":{"line":30,"column":4},"end":{"line":39,"column":5}},"13":{"start":{"line":31,"column":25},"end":{"line":32,"column":59}},"14":{"start":{"line":33,"column":7},"end":{"line":33,"column":57}},"15":{"start":{"line":35,"column":8},"end":{"line":35,"column":20}},"16":{"start":{"line":37,"column":8},"end":{"line":37,"column":77}},"17":{"start":{"line":38,"column":8},"end":{"line":38,"column":21}}},"fnMap":{"0":{"name":"fetchSalesDownloadExcel","decl":{"start":{"line":4,"column":22},"end":{"line":4,"column":45}},"loc":{"start":{"line":4,"column":53},"end":{"line":15,"column":1}},"line":4},"1":{"name":"fetchProductsDownloadExcel","decl":{"start":{"line":16,"column":22},"end":{"line":16,"column":48}},"loc":{"start":{"line":16,"column":56},"end":{"line":27,"column":1}},"line":16},"2":{"name":"fetchStatsDownloadExcel","decl":{"start":{"line":29,"column":22},"end":{"line":29,"column":45}},"loc":{"start":{"line":29,"column":53},"end":{"line":40,"column":1}},"line":29}},"branchMap":{},"s":{"0":0,"1":0,"2":0,"3":0,"4":0,"5":0,"6":0,"7":0,"8":0,"9":0,"10":0,"11":0,"12":0,"13":0,"14":0,"15":0,"16":0,"17":0},"f":{"0":0,"1":0,"2":0},"b":{},"meta":{"lastBranch":0,"lastFunction":3,"lastStatement":18,"seen":{"f:4:22:4:45":0,"s:5:4:14:5":0,"s:6:25:7:59":1,"s:8:7:8:51":2,"s:10:8:10:20":3,"s:12:8:12:71":4,"s:13:8:13:21":5,"f:16:22:16:48":1,"s:17:4:26:5":6,"s:18:25:19:59":7,"s:20:7:20:55":8,"s:22:8:22:20":9,"s:24:8:24:74":10,"s:25:8:25:21":11,"f:29:22:29:45":2,"s:30:4:39:5":12,"s:31:25:32:59":13,"s:33:7:33:57":14,"s:35:8:35:20":15,"s:37:8:37:77":16,"s:38:8:38:21":17}}}
,"C:\\Trabajo\\TiendaClick\\Stock-SalesAPP\\Frontend\\TiendaClick\\test\\mocks\\useUser.mock.js": {"path":"C:\\Trabajo\\TiendaClick\\Stock-SalesAPP\\Frontend\\TiendaClick\\test\\mocks\\useUser.mock.js","statementMap":{"0":{"start":{"line":2,"column":24},"end":{"line":14,"column":1}}},"fnMap":{},"branchMap":{},"s":{"0":1},"f":{},"b":{},"meta":{"lastBranch":0,"lastFunction":0,"lastStatement":1,"seen":{"s:2:24:14:1":0}}}
}
