{"C:\\Trabajo\\TiendaClick\\Stock-SalesAPP\\Frontend\\TiendaClick\\src\\components\\dashboard\\ActionBox.jsx": {"path":"C:\\Trabajo\\TiendaClick\\Stock-SalesAPP\\Frontend\\TiendaClick\\src\\components\\dashboard\\ActionBox.jsx","statementMap":{"0":{"start":{"line":4,"column":18},"end":{"line":62,"column":null}},"1":{"start":{"line":5,"column":35},"end":{"line":5,"column":null}},"2":{"start":{"line":6,"column":27},"end":{"line":6,"column":51}},"3":{"start":{"line":7,"column":23},"end":{"line":7,"column":40}},"4":{"start":{"line":9,"column":25},"end":{"line":16,"column":null}},"5":{"start":{"line":20,"column":4},"end":{"line":57,"column":null}},"6":{"start":{"line":35,"column":47},"end":{"line":35,"column":null}}},"fnMap":{"0":{"name":"(anonymous_0)","decl":{"start":{"line":4,"column":18},"end":{"line":4,"column":19}},"loc":{"start":{"line":4,"column":79},"end":{"line":62,"column":null}},"line":4},"1":{"name":"(anonymous_1)","decl":{"start":{"line":35,"column":41},"end":{"line":35,"column":47}},"loc":{"start":{"line":35,"column":47},"end":{"line":35,"column":null}},"line":35}},"branchMap":{"0":{"loc":{"start":{"line":9,"column":25},"end":{"line":16,"column":null}},"type":"cond-expr","locations":[{"start":{"line":10,"column":10},"end":{"line":14,"column":null}},{"start":{"line":16,"column":10},"end":{"line":16,"column":null}}],"line":9},"1":{"loc":{"start":{"line":9,"column":25},"end":{"line":9,"column":null}},"type":"binary-expr","locations":[{"start":{"line":9,"column":25},"end":{"line":9,"column":51}},{"start":{"line":9,"column":51},"end":{"line":9,"column":null}}],"line":9},"2":{"loc":{"start":{"line":24,"column":25},"end":{"line":24,"column":null}},"type":"cond-expr","locations":[{"start":{"line":24,"column":50},"end":{"line":24,"column":56}},{"start":{"line":24,"column":56},"end":{"line":24,"column":null}}],"line":24},"3":{"loc":{"start":{"line":27,"column":21},"end":{"line":41,"column":null}},"type":"binary-expr","locations":[{"start":{"line":27,"column":21},"end":{"line":27,"column":null}},{"start":{"line":27,"column":21},"end":{"line":41,"column":null}}],"line":27},"4":{"loc":{"start":{"line":38,"column":33},"end":{"line":41,"column":null}},"type":"cond-expr","locations":[{"start":{"line":38,"column":33},"end":{"line":41,"column":37}},{"start":{"line":41,"column":36},"end":{"line":41,"column":null}}],"line":38},"5":{"loc":{"start":{"line":47,"column":21},"end":{"line":49,"column":null}},"type":"binary-expr","locations":[{"start":{"line":47,"column":21},"end":{"line":47,"column":null}},{"start":{"line":47,"column":21},"end":{"line":49,"column":null}}],"line":47},"6":{"loc":{"start":{"line":49,"column":29},"end":{"line":49,"column":null}},"type":"cond-expr","locations":[{"start":{"line":49,"column":41},"end":{"line":49,"column":59}},{"start":{"line":49,"column":62},"end":{"line":49,"column":null}}],"line":49}},"s":{"0":1,"1":5,"2":5,"3":5,"4":5,"5":5,"6":2},"f":{"0":5,"1":2},"b":{"0":[4,1],"1":[5,5],"2":[0,5],"3":[5,4],"4":[1,3],"5":[5,4],"6":[1,3]},"meta":{"lastBranch":7,"lastFunction":2,"lastStatement":7,"seen":{"s:4:18:62:Infinity":0,"f:4:18:4:19":0,"s:5:35:5:Infinity":1,"s:6:27:6:51":2,"s:7:23:7:40":3,"s:9:25:16:Infinity":4,"b:10:10:14:Infinity:16:10:16:Infinity":0,"b:9:25:9:51:9:51:9:Infinity":1,"s:20:4:57:Infinity":5,"b:24:50:24:56:24:56:24:Infinity":2,"b:27:21:27:Infinity:27:21:41:Infinity":3,"f:35:41:35:47":1,"s:35:47:35:Infinity":6,"b:38:33:41:37:41:36:41:Infinity":4,"b:47:21:47:Infinity:47:21:49:Infinity":5,"b:49:41:49:59:49:62:49:Infinity":6}}}
,"C:\\Trabajo\\TiendaClick\\Stock-SalesAPP\\Frontend\\TiendaClick\\src\\components\\dashboard\\Dashboard.jsx": {"path":"C:\\Trabajo\\TiendaClick\\Stock-SalesAPP\\Frontend\\TiendaClick\\src\\components\\dashboard\\Dashboard.jsx","statementMap":{"0":{"start":{"line":21,"column":29},"end":{"line":21,"column":null}},"1":{"start":{"line":22,"column":31},"end":{"line":22,"column":null}},"2":{"start":{"line":23,"column":27},"end":{"line":23,"column":null}},"3":{"start":{"line":24,"column":8},"end":{"line":24,"column":null}},"4":{"start":{"line":25,"column":16},"end":{"line":25,"column":null}},"5":{"start":{"line":26,"column":37},"end":{"line":26,"column":null}},"6":{"start":{"line":27,"column":39},"end":{"line":27,"column":null}},"7":{"start":{"line":30,"column":41},"end":{"line":30,"column":null}},"8":{"start":{"line":31,"column":34},"end":{"line":31,"column":null}},"9":{"start":{"line":32,"column":39},"end":{"line":32,"column":null}},"10":{"start":{"line":34,"column":18},"end":{"line":39,"column":null}},"11":{"start":{"line":41,"column":2},"end":{"line":53,"column":null}},"12":{"start":{"line":42,"column":25},"end":{"line":49,"column":null}},"13":{"start":{"line":43,"column":6},"end":{"line":43,"column":null}},"14":{"start":{"line":44,"column":6},"end":{"line":48,"column":null}},"15":{"start":{"line":45,"column":8},"end":{"line":45,"column":null}},"16":{"start":{"line":47,"column":8},"end":{"line":47,"column":null}},"17":{"start":{"line":50,"column":4},"end":{"line":50,"column":null}},"18":{"start":{"line":51,"column":4},"end":{"line":51,"column":null}},"19":{"start":{"line":52,"column":4},"end":{"line":52,"column":null}},"20":{"start":{"line":52,"column":17},"end":{"line":52,"column":null}},"21":{"start":{"line":55,"column":2},"end":{"line":98,"column":null}},"22":{"start":{"line":56,"column":25},"end":{"line":64,"column":null}},"23":{"start":{"line":57,"column":19},"end":{"line":57,"column":null}},"24":{"start":{"line":58,"column":6},"end":{"line":63,"column":null}},"25":{"start":{"line":59,"column":8},"end":{"line":59,"column":null}},"26":{"start":{"line":61,"column":8},"end":{"line":61,"column":null}},"27":{"start":{"line":62,"column":8},"end":{"line":62,"column":null}},"28":{"start":{"line":66,"column":33},"end":{"line":73,"column":null}},"29":{"start":{"line":67,"column":31},"end":{"line":67,"column":null}},"30":{"start":{"line":68,"column":6},"end":{"line":72,"column":null}},"31":{"start":{"line":69,"column":8},"end":{"line":69,"column":null}},"32":{"start":{"line":71,"column":8},"end":{"line":71,"column":null}},"33":{"start":{"line":75,"column":37},"end":{"line":83,"column":null}},"34":{"start":{"line":76,"column":35},"end":{"line":76,"column":null}},"35":{"start":{"line":78,"column":6},"end":{"line":82,"column":null}},"36":{"start":{"line":79,"column":8},"end":{"line":79,"column":null}},"37":{"start":{"line":81,"column":8},"end":{"line":81,"column":null}},"38":{"start":{"line":85,"column":36},"end":{"line":92,"column":null}},"39":{"start":{"line":86,"column":34},"end":{"line":86,"column":null}},"40":{"start":{"line":87,"column":6},"end":{"line":91,"column":null}},"41":{"start":{"line":88,"column":8},"end":{"line":88,"column":null}},"42":{"start":{"line":90,"column":8},"end":{"line":90,"column":null}},"43":{"start":{"line":94,"column":4},"end":{"line":94,"column":null}},"44":{"start":{"line":95,"column":4},"end":{"line":95,"column":null}},"45":{"start":{"line":96,"column":4},"end":{"line":96,"column":null}},"46":{"start":{"line":97,"column":4},"end":{"line":97,"column":null}},"47":{"start":{"line":100,"column":28},"end":{"line":106,"column":null}},"48":{"start":{"line":101,"column":24},"end":{"line":101,"column":null}},"49":{"start":{"line":102,"column":21},"end":{"line":102,"column":null}},"50":{"start":{"line":103,"column":4},"end":{"line":105,"column":null}},"51":{"start":{"line":104,"column":6},"end":{"line":104,"column":null}},"52":{"start":{"line":107,"column":2},"end":{"line":239,"column":null}},"53":{"start":{"line":216,"column":30},"end":{"line":216,"column":null}},"54":{"start":{"line":216,"column":53},"end":{"line":216,"column":null}}},"fnMap":{"0":{"name":"Dashboard","decl":{"start":{"line":20,"column":9},"end":{"line":20,"column":null}},"loc":{"start":{"line":20,"column":9},"end":{"line":250,"column":null}},"line":20},"1":{"name":"(anonymous_1)","decl":{"start":{"line":41,"column":12},"end":{"line":41,"column":null}},"loc":{"start":{"line":41,"column":12},"end":{"line":53,"column":5}},"line":41},"2":{"name":"(anonymous_2)","decl":{"start":{"line":42,"column":25},"end":{"line":42,"column":null}},"loc":{"start":{"line":42,"column":25},"end":{"line":49,"column":null}},"line":42},"3":{"name":"(anonymous_3)","decl":{"start":{"line":52,"column":11},"end":{"line":52,"column":17}},"loc":{"start":{"line":52,"column":17},"end":{"line":52,"column":null}},"line":52},"4":{"name":"(anonymous_4)","decl":{"start":{"line":55,"column":12},"end":{"line":55,"column":null}},"loc":{"start":{"line":55,"column":12},"end":{"line":98,"column":5}},"line":55},"5":{"name":"(anonymous_5)","decl":{"start":{"line":56,"column":25},"end":{"line":56,"column":null}},"loc":{"start":{"line":56,"column":25},"end":{"line":64,"column":null}},"line":56},"6":{"name":"(anonymous_6)","decl":{"start":{"line":66,"column":33},"end":{"line":66,"column":null}},"loc":{"start":{"line":66,"column":33},"end":{"line":73,"column":null}},"line":66},"7":{"name":"(anonymous_7)","decl":{"start":{"line":75,"column":37},"end":{"line":75,"column":null}},"loc":{"start":{"line":75,"column":37},"end":{"line":83,"column":null}},"line":75},"8":{"name":"(anonymous_8)","decl":{"start":{"line":85,"column":36},"end":{"line":85,"column":null}},"loc":{"start":{"line":85,"column":36},"end":{"line":92,"column":null}},"line":85},"9":{"name":"(anonymous_9)","decl":{"start":{"line":100,"column":28},"end":{"line":100,"column":null}},"loc":{"start":{"line":100,"column":28},"end":{"line":106,"column":null}},"line":100},"10":{"name":"(anonymous_10)","decl":{"start":{"line":215,"column":39},"end":{"line":215,"column":40}},"loc":{"start":{"line":215,"column":40},"end":{"line":217,"column":null}},"line":215}},"branchMap":{"0":{"loc":{"start":{"line":44,"column":6},"end":{"line":48,"column":null}},"type":"if","locations":[{"start":{"line":44,"column":6},"end":{"line":48,"column":null}},{"start":{"line":46,"column":13},"end":{"line":48,"column":null}}],"line":44},"1":{"loc":{"start":{"line":58,"column":6},"end":{"line":63,"column":null}},"type":"if","locations":[{"start":{"line":58,"column":6},"end":{"line":63,"column":null}},{"start":{"line":60,"column":13},"end":{"line":63,"column":null}}],"line":58},"2":{"loc":{"start":{"line":68,"column":6},"end":{"line":72,"column":null}},"type":"if","locations":[{"start":{"line":68,"column":6},"end":{"line":72,"column":null}},{"start":{"line":70,"column":13},"end":{"line":72,"column":null}}],"line":68},"3":{"loc":{"start":{"line":78,"column":6},"end":{"line":82,"column":null}},"type":"if","locations":[{"start":{"line":78,"column":6},"end":{"line":82,"column":null}},{"start":{"line":80,"column":13},"end":{"line":82,"column":null}}],"line":78},"4":{"loc":{"start":{"line":87,"column":6},"end":{"line":91,"column":null}},"type":"if","locations":[{"start":{"line":87,"column":6},"end":{"line":91,"column":null}},{"start":{"line":89,"column":13},"end":{"line":91,"column":null}}],"line":87},"5":{"loc":{"start":{"line":103,"column":4},"end":{"line":105,"column":null}},"type":"if","locations":[{"start":{"line":103,"column":4},"end":{"line":105,"column":null}},{"start":{},"end":{}}],"line":103},"6":{"loc":{"start":{"line":103,"column":8},"end":{"line":103,"column":43}},"type":"binary-expr","locations":[{"start":{"line":103,"column":8},"end":{"line":103,"column":28}},{"start":{"line":103,"column":28},"end":{"line":103,"column":43}}],"line":103},"7":{"loc":{"start":{"line":111,"column":11},"end":{"line":111,"column":null}},"type":"binary-expr","locations":[{"start":{"line":111,"column":11},"end":{"line":111,"column":26}},{"start":{"line":111,"column":11},"end":{"line":111,"column":null}}],"line":111},"8":{"loc":{"start":{"line":112,"column":11},"end":{"line":112,"column":null}},"type":"binary-expr","locations":[{"start":{"line":112,"column":11},"end":{"line":112,"column":26}},{"start":{"line":112,"column":11},"end":{"line":112,"column":null}}],"line":112},"9":{"loc":{"start":{"line":122,"column":20},"end":{"line":124,"column":null}},"type":"cond-expr","locations":[{"start":{"line":123,"column":24},"end":{"line":123,"column":null}},{"start":{"line":124,"column":24},"end":{"line":124,"column":null}}],"line":122},"10":{"loc":{"start":{"line":134,"column":20},"end":{"line":136,"column":null}},"type":"cond-expr","locations":[{"start":{"line":135,"column":24},"end":{"line":135,"column":null}},{"start":{"line":136,"column":24},"end":{"line":136,"column":null}}],"line":134},"11":{"loc":{"start":{"line":146,"column":20},"end":{"line":148,"column":null}},"type":"cond-expr","locations":[{"start":{"line":147,"column":24},"end":{"line":147,"column":null}},{"start":{"line":148,"column":24},"end":{"line":148,"column":null}}],"line":146},"12":{"loc":{"start":{"line":158,"column":20},"end":{"line":160,"column":null}},"type":"cond-expr","locations":[{"start":{"line":159,"column":24},"end":{"line":159,"column":null}},{"start":{"line":160,"column":24},"end":{"line":160,"column":null}}],"line":158},"13":{"loc":{"start":{"line":166,"column":29},"end":{"line":166,"column":132}},"type":"cond-expr","locations":[{"start":{"line":166,"column":76},"end":{"line":166,"column":120}},{"start":{"line":166,"column":123},"end":{"line":166,"column":132}}],"line":166},"14":{"loc":{"start":{"line":172,"column":29},"end":{"line":172,"column":136}},"type":"cond-expr","locations":[{"start":{"line":172,"column":78},"end":{"line":172,"column":124}},{"start":{"line":172,"column":127},"end":{"line":172,"column":136}}],"line":172},"15":{"loc":{"start":{"line":178,"column":29},"end":{"line":178,"column":134}},"type":"cond-expr","locations":[{"start":{"line":178,"column":77},"end":{"line":178,"column":122}},{"start":{"line":178,"column":125},"end":{"line":178,"column":134}}],"line":178},"16":{"loc":{"start":{"line":184,"column":29},"end":{"line":184,"column":140}},"type":"cond-expr","locations":[{"start":{"line":184,"column":80},"end":{"line":184,"column":128}},{"start":{"line":184,"column":131},"end":{"line":184,"column":140}}],"line":184},"17":{"loc":{"start":{"line":216,"column":30},"end":{"line":216,"column":null}},"type":"if","locations":[{"start":{"line":216,"column":30},"end":{"line":216,"column":null}},{"start":{},"end":{}}],"line":216}},"s":{"0":6,"1":6,"2":6,"3":6,"4":6,"5":6,"6":6,"7":6,"8":6,"9":6,"10":6,"11":6,"12":3,"13":0,"14":0,"15":0,"16":0,"17":3,"18":3,"19":3,"20":3,"21":6,"22":4,"23":4,"24":4,"25":4,"26":0,"27":0,"28":4,"29":4,"30":4,"31":4,"32":0,"33":4,"34":4,"35":4,"36":4,"37":0,"38":4,"39":4,"40":4,"41":4,"42":0,"43":4,"44":4,"45":4,"46":4,"47":6,"48":1,"49":1,"50":1,"51":1,"52":6,"53":0,"54":0},"f":{"0":6,"1":3,"2":0,"3":3,"4":4,"5":4,"6":4,"7":4,"8":4,"9":1,"10":0},"b":{"0":[0,0],"1":[4,0],"2":[4,0],"3":[4,0],"4":[4,0],"5":[1,0],"6":[1,1],"7":[6,6],"8":[6,6],"9":[2,4],"10":[2,4],"11":[2,4],"12":[2,4],"13":[2,4],"14":[0,6],"15":[0,6],"16":[0,6],"17":[0,0]},"meta":{"lastBranch":18,"lastFunction":11,"lastStatement":55,"seen":{"f:20:9:20:Infinity":0,"s:21:29:21:Infinity":0,"s:22:31:22:Infinity":1,"s:23:27:23:Infinity":2,"s:24:8:24:Infinity":3,"s:25:16:25:Infinity":4,"s:26:37:26:Infinity":5,"s:27:39:27:Infinity":6,"s:30:41:30:Infinity":7,"s:31:34:31:Infinity":8,"s:32:39:32:Infinity":9,"s:34:18:39:Infinity":10,"s:41:2:53:Infinity":11,"f:41:12:41:Infinity":1,"s:42:25:49:Infinity":12,"f:42:25:42:Infinity":2,"s:43:6:43:Infinity":13,"b:44:6:48:Infinity:46:13:48:Infinity":0,"s:44:6:48:Infinity":14,"s:45:8:45:Infinity":15,"s:47:8:47:Infinity":16,"s:50:4:50:Infinity":17,"s:51:4:51:Infinity":18,"s:52:4:52:Infinity":19,"f:52:11:52:17":3,"s:52:17:52:Infinity":20,"s:55:2:98:Infinity":21,"f:55:12:55:Infinity":4,"s:56:25:64:Infinity":22,"f:56:25:56:Infinity":5,"s:57:19:57:Infinity":23,"b:58:6:63:Infinity:60:13:63:Infinity":1,"s:58:6:63:Infinity":24,"s:59:8:59:Infinity":25,"s:61:8:61:Infinity":26,"s:62:8:62:Infinity":27,"s:66:33:73:Infinity":28,"f:66:33:66:Infinity":6,"s:67:31:67:Infinity":29,"b:68:6:72:Infinity:70:13:72:Infinity":2,"s:68:6:72:Infinity":30,"s:69:8:69:Infinity":31,"s:71:8:71:Infinity":32,"s:75:37:83:Infinity":33,"f:75:37:75:Infinity":7,"s:76:35:76:Infinity":34,"b:78:6:82:Infinity:80:13:82:Infinity":3,"s:78:6:82:Infinity":35,"s:79:8:79:Infinity":36,"s:81:8:81:Infinity":37,"s:85:36:92:Infinity":38,"f:85:36:85:Infinity":8,"s:86:34:86:Infinity":39,"b:87:6:91:Infinity:89:13:91:Infinity":4,"s:87:6:91:Infinity":40,"s:88:8:88:Infinity":41,"s:90:8:90:Infinity":42,"s:94:4:94:Infinity":43,"s:95:4:95:Infinity":44,"s:96:4:96:Infinity":45,"s:97:4:97:Infinity":46,"s:100:28:106:Infinity":47,"f:100:28:100:Infinity":9,"s:101:24:101:Infinity":48,"s:102:21:102:Infinity":49,"b:103:4:105:Infinity:undefined:undefined:undefined:undefined":5,"s:103:4:105:Infinity":50,"b:103:8:103:28:103:28:103:43":6,"s:104:6:104:Infinity":51,"s:107:2:239:Infinity":52,"b:111:11:111:26:111:11:111:Infinity":7,"b:112:11:112:26:112:11:112:Infinity":8,"b:123:24:123:Infinity:124:24:124:Infinity":9,"b:135:24:135:Infinity:136:24:136:Infinity":10,"b:147:24:147:Infinity:148:24:148:Infinity":11,"b:159:24:159:Infinity:160:24:160:Infinity":12,"b:166:76:166:120:166:123:166:132":13,"b:172:78:172:124:172:127:172:136":14,"b:178:77:178:122:178:125:178:134":15,"b:184:80:184:128:184:131:184:140":16,"f:215:39:215:40":10,"b:216:30:216:Infinity:undefined:undefined:undefined:undefined":17,"s:216:30:216:Infinity":53,"s:216:53:216:Infinity":54}}}
,"C:\\Trabajo\\TiendaClick\\Stock-SalesAPP\\Frontend\\TiendaClick\\src\\css\\dashboard.css": {"path":"C:\\Trabajo\\TiendaClick\\Stock-SalesAPP\\Frontend\\TiendaClick\\src\\css\\dashboard.css","statementMap":{},"fnMap":{},"branchMap":{},"s":{},"f":{},"b":{},"meta":{"lastBranch":0,"lastFunction":0,"lastStatement":0,"seen":{}}}
,"C:\\Trabajo\\TiendaClick\\Stock-SalesAPP\\Frontend\\TiendaClick\\test\\mocks\\useUser.mock.js": {"path":"C:\\Trabajo\\TiendaClick\\Stock-SalesAPP\\Frontend\\TiendaClick\\test\\mocks\\useUser.mock.js","statementMap":{"0":{"start":{"line":2,"column":24},"end":{"line":14,"column":1}}},"fnMap":{},"branchMap":{},"s":{"0":1},"f":{},"b":{},"meta":{"lastBranch":0,"lastFunction":0,"lastStatement":1,"seen":{"s:2:24:14:1":0}}}
}
